2024-12-14T17:13:56.663-05:00  INFO 6436 --- [demo] [main] com.project.demo.DemoApplication         : Starting DemoApplication using Java 21.0.5 with PID 6436 (C:\Users\HAROLD\works-spaces\spring-boot\proyecto\PROYECTO-TD-2024\persona\bin\main started by HAROLD in C:\Users\HAROLD\works-spaces\spring-boot\proyecto\PROYECTO-TD-2024)
2024-12-14T17:13:56.680-05:00  INFO 6436 --- [demo] [main] com.project.demo.DemoApplication         : No active profile set, falling back to 1 default profile: "default"
2024-12-14T17:13:57.601-05:00  INFO 6436 --- [demo] [main] .s.d.r.c.RepositoryConfigurationDelegate : Bootstrapping Spring Data JPA repositories in DEFAULT mode.
2024-12-14T17:13:57.691-05:00  INFO 6436 --- [demo] [main] .s.d.r.c.RepositoryConfigurationDelegate : Finished Spring Data repository scanning in 75 ms. Found 1 JPA repository interface.
2024-12-14T17:13:58.458-05:00  INFO 6436 --- [demo] [main] o.s.b.w.embedded.tomcat.TomcatWebServer  : Tomcat initialized with port 8081 (http)
2024-12-14T17:13:58.475-05:00  INFO 6436 --- [demo] [main] o.apache.catalina.core.StandardService   : Starting service [Tomcat]
2024-12-14T17:13:58.475-05:00  INFO 6436 --- [demo] [main] o.apache.catalina.core.StandardEngine    : Starting Servlet engine: [Apache Tomcat/10.1.33]
2024-12-14T17:13:58.560-05:00  INFO 6436 --- [demo] [main] o.a.c.c.C.[Tomcat].[localhost].[/]       : Initializing Spring embedded WebApplicationContext
2024-12-14T17:13:58.561-05:00  INFO 6436 --- [demo] [main] w.s.c.ServletWebServerApplicationContext : Root WebApplicationContext: initialization completed in 1818 ms
2024-12-14T17:13:58.730-05:00  INFO 6436 --- [demo] [main] com.zaxxer.hikari.HikariDataSource       : HikariPool-1 - Starting...
2024-12-14T17:13:59.239-05:00  INFO 6436 --- [demo] [main] com.zaxxer.hikari.pool.HikariPool        : HikariPool-1 - Added connection com.mysql.cj.jdbc.ConnectionImpl@45592af7
2024-12-14T17:13:59.241-05:00  INFO 6436 --- [demo] [main] com.zaxxer.hikari.HikariDataSource       : HikariPool-1 - Start completed.
2024-12-14T17:13:59.327-05:00  INFO 6436 --- [demo] [main] o.hibernate.jpa.internal.util.LogHelper  : HHH000204: Processing PersistenceUnitInfo [name: default]
2024-12-14T17:13:59.451-05:00  INFO 6436 --- [demo] [main] org.hibernate.Version                    : HHH000412: Hibernate ORM core version 6.6.2.Final
2024-12-14T17:13:59.508-05:00  INFO 6436 --- [demo] [main] o.h.c.internal.RegionFactoryInitiator    : HHH000026: Second-level cache disabled
2024-12-14T17:13:59.944-05:00  INFO 6436 --- [demo] [main] o.s.o.j.p.SpringPersistenceUnitInfo      : No LoadTimeWeaver setup: ignoring JPA class transformer
2024-12-14T17:14:00.088-05:00  INFO 6436 --- [demo] [main] org.hibernate.orm.connections.pooling    : HHH10001005: Database info:
	Database JDBC URL [Connecting through datasource 'HikariDataSource (HikariPool-1)']
	Database driver: undefined/unknown
	Database version: 9.0.1
	Autocommit mode: undefined/unknown
	Isolation level: undefined/unknown
	Minimum pool size: undefined/unknown
	Maximum pool size: undefined/unknown
2024-12-14T17:14:00.921-05:00  INFO 6436 --- [demo] [main] o.h.e.t.j.p.i.JtaPlatformInitiator       : HHH000489: No JTA platform available (set 'hibernate.transaction.jta.platform' to enable JTA platform integration)
2024-12-14T17:14:00.924-05:00  INFO 6436 --- [demo] [main] j.LocalContainerEntityManagerFactoryBean : Initialized JPA EntityManagerFactory for persistence unit 'default'
2024-12-14T17:14:01.262-05:00  WARN 6436 --- [demo] [main] JpaBaseConfiguration$JpaWebConfiguration : spring.jpa.open-in-view is enabled by default. Therefore, database queries may be performed during view rendering. Explicitly configure spring.jpa.open-in-view to disable this warning
2024-12-14T17:14:01.795-05:00  INFO 6436 --- [demo] [main] o.s.b.w.embedded.tomcat.TomcatWebServer  : Tomcat started on port 8081 (http) with context path '/'
2024-12-14T17:14:01.806-05:00  INFO 6436 --- [demo] [main] com.project.demo.DemoApplication         : Started DemoApplication in 5.769 seconds (process running for 6.307)
2024-12-14T17:16:34.530-05:00  INFO 22960 --- [demo] [main] com.project.demo.DemoApplication         : Starting DemoApplication using Java 21.0.5 with PID 22960 (C:\Users\HAROLD\works-spaces\spring-boot\proyecto\PROYECTO-TD-2024\persona\bin\main started by HAROLD in C:\Users\HAROLD\works-spaces\spring-boot\proyecto\PROYECTO-TD-2024)
2024-12-14T17:16:34.533-05:00  INFO 22960 --- [demo] [main] com.project.demo.DemoApplication         : No active profile set, falling back to 1 default profile: "default"
2024-12-14T17:16:35.384-05:00  INFO 22960 --- [demo] [main] .s.d.r.c.RepositoryConfigurationDelegate : Bootstrapping Spring Data JPA repositories in DEFAULT mode.
2024-12-14T17:16:35.465-05:00  INFO 22960 --- [demo] [main] .s.d.r.c.RepositoryConfigurationDelegate : Finished Spring Data repository scanning in 68 ms. Found 1 JPA repository interface.
2024-12-14T17:16:36.163-05:00  INFO 22960 --- [demo] [main] o.s.b.w.embedded.tomcat.TomcatWebServer  : Tomcat initialized with port 8081 (http)
2024-12-14T17:16:36.180-05:00  INFO 22960 --- [demo] [main] o.apache.catalina.core.StandardService   : Starting service [Tomcat]
2024-12-14T17:16:36.180-05:00  INFO 22960 --- [demo] [main] o.apache.catalina.core.StandardEngine    : Starting Servlet engine: [Apache Tomcat/10.1.33]
2024-12-14T17:16:36.252-05:00  INFO 22960 --- [demo] [main] o.a.c.c.C.[Tomcat].[localhost].[/]       : Initializing Spring embedded WebApplicationContext
2024-12-14T17:16:36.253-05:00  INFO 22960 --- [demo] [main] w.s.c.ServletWebServerApplicationContext : Root WebApplicationContext: initialization completed in 1655 ms
2024-12-14T17:16:36.411-05:00  INFO 22960 --- [demo] [main] com.zaxxer.hikari.HikariDataSource       : HikariPool-1 - Starting...
2024-12-14T17:16:37.000-05:00  INFO 22960 --- [demo] [main] com.zaxxer.hikari.pool.HikariPool        : HikariPool-1 - Added connection com.mysql.cj.jdbc.ConnectionImpl@668cc9a2
2024-12-14T17:16:37.003-05:00  INFO 22960 --- [demo] [main] com.zaxxer.hikari.HikariDataSource       : HikariPool-1 - Start completed.
2024-12-14T17:16:37.074-05:00  INFO 22960 --- [demo] [main] o.hibernate.jpa.internal.util.LogHelper  : HHH000204: Processing PersistenceUnitInfo [name: default]
2024-12-14T17:16:37.165-05:00  INFO 22960 --- [demo] [main] org.hibernate.Version                    : HHH000412: Hibernate ORM core version 6.6.2.Final
2024-12-14T17:16:37.224-05:00  INFO 22960 --- [demo] [main] o.h.c.internal.RegionFactoryInitiator    : HHH000026: Second-level cache disabled
2024-12-14T17:16:37.637-05:00  INFO 22960 --- [demo] [main] o.s.o.j.p.SpringPersistenceUnitInfo      : No LoadTimeWeaver setup: ignoring JPA class transformer
2024-12-14T17:16:37.799-05:00  INFO 22960 --- [demo] [main] org.hibernate.orm.connections.pooling    : HHH10001005: Database info:
	Database JDBC URL [Connecting through datasource 'HikariDataSource (HikariPool-1)']
	Database driver: undefined/unknown
	Database version: 9.0.1
	Autocommit mode: undefined/unknown
	Isolation level: undefined/unknown
	Minimum pool size: undefined/unknown
	Maximum pool size: undefined/unknown
2024-12-14T17:16:38.610-05:00  INFO 22960 --- [demo] [main] o.h.e.t.j.p.i.JtaPlatformInitiator       : HHH000489: No JTA platform available (set 'hibernate.transaction.jta.platform' to enable JTA platform integration)
2024-12-14T17:16:38.613-05:00  INFO 22960 --- [demo] [main] j.LocalContainerEntityManagerFactoryBean : Initialized JPA EntityManagerFactory for persistence unit 'default'
2024-12-14T17:16:38.917-05:00  WARN 22960 --- [demo] [main] JpaBaseConfiguration$JpaWebConfiguration : spring.jpa.open-in-view is enabled by default. Therefore, database queries may be performed during view rendering. Explicitly configure spring.jpa.open-in-view to disable this warning
2024-12-14T17:16:39.320-05:00  INFO 22960 --- [demo] [main] o.s.b.w.embedded.tomcat.TomcatWebServer  : Tomcat started on port 8081 (http) with context path '/'
2024-12-14T17:16:39.330-05:00  INFO 22960 --- [demo] [main] com.project.demo.DemoApplication         : Started DemoApplication in 5.387 seconds (process running for 5.851)
2024-12-14T17:22:46.400-05:00  INFO 20116 --- [demo] [main] com.project.demo.DemoApplication         : Starting DemoApplication using Java 21.0.5 with PID 20116 (C:\Users\HAROLD\works-spaces\spring-boot\proyecto\PROYECTO-TD-2024\persona\bin\main started by HAROLD in C:\Users\HAROLD\works-spaces\spring-boot\proyecto\PROYECTO-TD-2024)
2024-12-14T17:22:46.403-05:00  INFO 20116 --- [demo] [main] com.project.demo.DemoApplication         : No active profile set, falling back to 1 default profile: "default"
2024-12-14T17:22:47.237-05:00  INFO 20116 --- [demo] [main] .s.d.r.c.RepositoryConfigurationDelegate : Bootstrapping Spring Data JPA repositories in DEFAULT mode.
2024-12-14T17:22:47.331-05:00  INFO 20116 --- [demo] [main] .s.d.r.c.RepositoryConfigurationDelegate : Finished Spring Data repository scanning in 74 ms. Found 1 JPA repository interface.
2024-12-14T17:22:48.087-05:00  INFO 20116 --- [demo] [main] o.s.b.w.embedded.tomcat.TomcatWebServer  : Tomcat initialized with port 8081 (http)
2024-12-14T17:22:48.108-05:00  INFO 20116 --- [demo] [main] o.apache.catalina.core.StandardService   : Starting service [Tomcat]
2024-12-14T17:22:48.109-05:00  INFO 20116 --- [demo] [main] o.apache.catalina.core.StandardEngine    : Starting Servlet engine: [Apache Tomcat/10.1.33]
2024-12-14T17:22:48.184-05:00  INFO 20116 --- [demo] [main] o.a.c.c.C.[Tomcat].[localhost].[/]       : Initializing Spring embedded WebApplicationContext
2024-12-14T17:22:48.185-05:00  INFO 20116 --- [demo] [main] w.s.c.ServletWebServerApplicationContext : Root WebApplicationContext: initialization completed in 1717 ms
2024-12-14T17:22:48.352-05:00  INFO 20116 --- [demo] [main] com.zaxxer.hikari.HikariDataSource       : HikariPool-1 - Starting...
2024-12-14T17:22:49.107-05:00  INFO 20116 --- [demo] [main] com.zaxxer.hikari.pool.HikariPool        : HikariPool-1 - Added connection com.mysql.cj.jdbc.ConnectionImpl@2f054f70
2024-12-14T17:22:49.109-05:00  INFO 20116 --- [demo] [main] com.zaxxer.hikari.HikariDataSource       : HikariPool-1 - Start completed.
2024-12-14T17:22:49.180-05:00  INFO 20116 --- [demo] [main] o.hibernate.jpa.internal.util.LogHelper  : HHH000204: Processing PersistenceUnitInfo [name: default]
2024-12-14T17:22:49.278-05:00  INFO 20116 --- [demo] [main] org.hibernate.Version                    : HHH000412: Hibernate ORM core version 6.6.2.Final
2024-12-14T17:22:49.336-05:00  INFO 20116 --- [demo] [main] o.h.c.internal.RegionFactoryInitiator    : HHH000026: Second-level cache disabled
2024-12-14T17:22:49.741-05:00  INFO 20116 --- [demo] [main] o.s.o.j.p.SpringPersistenceUnitInfo      : No LoadTimeWeaver setup: ignoring JPA class transformer
2024-12-14T17:22:49.906-05:00  INFO 20116 --- [demo] [main] org.hibernate.orm.connections.pooling    : HHH10001005: Database info:
	Database JDBC URL [Connecting through datasource 'HikariDataSource (HikariPool-1)']
	Database driver: undefined/unknown
	Database version: 9.0.1
	Autocommit mode: undefined/unknown
	Isolation level: undefined/unknown
	Minimum pool size: undefined/unknown
	Maximum pool size: undefined/unknown
2024-12-14T17:22:50.743-05:00  INFO 20116 --- [demo] [main] o.h.e.t.j.p.i.JtaPlatformInitiator       : HHH000489: No JTA platform available (set 'hibernate.transaction.jta.platform' to enable JTA platform integration)
2024-12-14T17:22:50.748-05:00  INFO 20116 --- [demo] [main] j.LocalContainerEntityManagerFactoryBean : Initialized JPA EntityManagerFactory for persistence unit 'default'
2024-12-14T17:22:51.106-05:00  WARN 20116 --- [demo] [main] JpaBaseConfiguration$JpaWebConfiguration : spring.jpa.open-in-view is enabled by default. Therefore, database queries may be performed during view rendering. Explicitly configure spring.jpa.open-in-view to disable this warning
2024-12-14T17:22:51.605-05:00  INFO 20116 --- [demo] [main] o.s.b.w.embedded.tomcat.TomcatWebServer  : Tomcat started on port 8081 (http) with context path '/'
2024-12-14T17:22:51.619-05:00  INFO 20116 --- [demo] [main] com.project.demo.DemoApplication         : Started DemoApplication in 5.857 seconds (process running for 6.477)
2024-12-14T18:07:06.787-05:00  WARN 20116 --- [demo] [HikariPool-1 housekeeper] com.zaxxer.hikari.pool.HikariPool        : HikariPool-1 - Thread starvation or clock leap detected (housekeeper delta=1m46s836ms942µs800ns).
