2025-01-18T17:24:18.335-05:00  INFO 20412 --- [demo] [main] com.project.demo.DemoApplication         : Starting DemoApplication using Java 21.0.1 with PID 20412 (C:\Users\Bykal\OneDrive\Escritorio\proyectotdArchivosLimpios\usuario\bin\main started by Bykal in C:\Users\Bykal\OneDrive\Escritorio\proyectotdArchivosLimpios\usuario)
2025-01-18T17:24:18.340-05:00  INFO 20412 --- [demo] [main] com.project.demo.DemoApplication         : No active profile set, falling back to 1 default profile: "default"
2025-01-18T17:24:19.508-05:00  INFO 20412 --- [demo] [main] .s.d.r.c.RepositoryConfigurationDelegate : Bootstrapping Spring Data JPA repositories in DEFAULT mode.
2025-01-18T17:24:19.648-05:00  INFO 20412 --- [demo] [main] .s.d.r.c.RepositoryConfigurationDelegate : Finished Spring Data repository scanning in 124 ms. Found 2 JPA repository interfaces.
2025-01-18T17:24:20.749-05:00  INFO 20412 --- [demo] [main] o.s.b.w.embedded.tomcat.TomcatWebServer  : Tomcat initialized with port 8081 (http)
2025-01-18T17:24:20.797-05:00  INFO 20412 --- [demo] [main] o.apache.catalina.core.StandardService   : Starting service [Tomcat]
2025-01-18T17:24:20.798-05:00  INFO 20412 --- [demo] [main] o.apache.catalina.core.StandardEngine    : Starting Servlet engine: [Apache Tomcat/10.1.33]
2025-01-18T17:24:20.952-05:00  INFO 20412 --- [demo] [main] o.a.c.c.C.[Tomcat].[localhost].[/]       : Initializing Spring embedded WebApplicationContext
2025-01-18T17:24:20.953-05:00  INFO 20412 --- [demo] [main] w.s.c.ServletWebServerApplicationContext : Root WebApplicationContext: initialization completed in 2535 ms
2025-01-18T17:24:21.191-05:00  INFO 20412 --- [demo] [main] com.zaxxer.hikari.HikariDataSource       : HikariPool-1 - Starting...
2025-01-18T17:24:21.848-05:00  INFO 20412 --- [demo] [main] com.zaxxer.hikari.pool.HikariPool        : HikariPool-1 - Added connection com.mysql.cj.jdbc.ConnectionImpl@14f060b8
2025-01-18T17:24:21.851-05:00  INFO 20412 --- [demo] [main] com.zaxxer.hikari.HikariDataSource       : HikariPool-1 - Start completed.
2025-01-18T17:24:21.926-05:00  INFO 20412 --- [demo] [main] o.hibernate.jpa.internal.util.LogHelper  : HHH000204: Processing PersistenceUnitInfo [name: default]
2025-01-18T17:24:22.022-05:00  INFO 20412 --- [demo] [main] org.hibernate.Version                    : HHH000412: Hibernate ORM core version 6.6.2.Final
2025-01-18T17:24:22.074-05:00  INFO 20412 --- [demo] [main] o.h.c.internal.RegionFactoryInitiator    : HHH000026: Second-level cache disabled
2025-01-18T17:24:22.534-05:00  INFO 20412 --- [demo] [main] o.s.o.j.p.SpringPersistenceUnitInfo      : No LoadTimeWeaver setup: ignoring JPA class transformer
2025-01-18T17:24:22.763-05:00  INFO 20412 --- [demo] [main] org.hibernate.orm.connections.pooling    : HHH10001005: Database info:
	Database JDBC URL [Connecting through datasource 'HikariDataSource (HikariPool-1)']
	Database driver: undefined/unknown
	Database version: 9.1
	Autocommit mode: undefined/unknown
	Isolation level: undefined/unknown
	Minimum pool size: undefined/unknown
	Maximum pool size: undefined/unknown
2025-01-18T17:24:23.808-05:00  INFO 20412 --- [demo] [main] o.h.e.t.j.p.i.JtaPlatformInitiator       : HHH000489: No JTA platform available (set 'hibernate.transaction.jta.platform' to enable JTA platform integration)
2025-01-18T17:24:23.813-05:00  INFO 20412 --- [demo] [main] j.LocalContainerEntityManagerFactoryBean : Initialized JPA EntityManagerFactory for persistence unit 'default'
2025-01-18T17:24:24.123-05:00  INFO 20412 --- [demo] [main] o.s.d.j.r.query.QueryEnhancerFactory     : Hibernate is in classpath; If applicable, HQL parser will be used.
2025-01-18T17:24:24.751-05:00  WARN 20412 --- [demo] [main] JpaBaseConfiguration$JpaWebConfiguration : spring.jpa.open-in-view is enabled by default. Therefore, database queries may be performed during view rendering. Explicitly configure spring.jpa.open-in-view to disable this warning
2025-01-18T17:24:25.206-05:00  INFO 20412 --- [demo] [main] o.s.b.w.embedded.tomcat.TomcatWebServer  : Tomcat started on port 8081 (http) with context path '/'
2025-01-18T17:24:25.217-05:00  INFO 20412 --- [demo] [main] com.project.demo.DemoApplication         : Started DemoApplication in 7.515 seconds (process running for 8.151)
2025-01-18T17:24:29.141-05:00  INFO 20412 --- [demo] [http-nio-8081-exec-3] o.a.c.c.C.[Tomcat].[localhost].[/]       : Initializing Spring DispatcherServlet 'dispatcherServlet'
2025-01-18T17:24:29.141-05:00  INFO 20412 --- [demo] [http-nio-8081-exec-3] o.s.web.servlet.DispatcherServlet        : Initializing Servlet 'dispatcherServlet'
2025-01-18T17:24:29.142-05:00  INFO 20412 --- [demo] [http-nio-8081-exec-3] o.s.web.servlet.DispatcherServlet        : Completed initialization in 1 ms
2025-01-18T18:32:30.663-05:00  INFO 24220 --- [demo] [main] com.project.demo.DemoApplication         : Starting DemoApplication using Java 21.0.1 with PID 24220 (C:\Users\Bykal\OneDrive\Escritorio\proyectotdArchivosLimpios\usuario\bin\main started by Bykal in C:\Users\Bykal\OneDrive\Escritorio\proyectotdArchivosLimpios\usuario)
2025-01-18T18:32:30.668-05:00  INFO 24220 --- [demo] [main] com.project.demo.DemoApplication         : No active profile set, falling back to 1 default profile: "default"
2025-01-18T18:32:31.925-05:00  INFO 24220 --- [demo] [main] .s.d.r.c.RepositoryConfigurationDelegate : Bootstrapping Spring Data JPA repositories in DEFAULT mode.
2025-01-18T18:32:32.044-05:00  INFO 24220 --- [demo] [main] .s.d.r.c.RepositoryConfigurationDelegate : Finished Spring Data repository scanning in 106 ms. Found 2 JPA repository interfaces.
2025-01-18T18:32:32.870-05:00  INFO 24220 --- [demo] [main] o.s.b.w.embedded.tomcat.TomcatWebServer  : Tomcat initialized with port 8081 (http)
2025-01-18T18:32:32.892-05:00  INFO 24220 --- [demo] [main] o.apache.catalina.core.StandardService   : Starting service [Tomcat]
2025-01-18T18:32:32.893-05:00  INFO 24220 --- [demo] [main] o.apache.catalina.core.StandardEngine    : Starting Servlet engine: [Apache Tomcat/10.1.33]
2025-01-18T18:32:33.003-05:00  INFO 24220 --- [demo] [main] o.a.c.c.C.[Tomcat].[localhost].[/]       : Initializing Spring embedded WebApplicationContext
2025-01-18T18:32:33.004-05:00  INFO 24220 --- [demo] [main] w.s.c.ServletWebServerApplicationContext : Root WebApplicationContext: initialization completed in 2264 ms
2025-01-18T18:32:33.205-05:00  INFO 24220 --- [demo] [main] com.zaxxer.hikari.HikariDataSource       : HikariPool-1 - Starting...
2025-01-18T18:32:33.904-05:00  INFO 24220 --- [demo] [main] com.zaxxer.hikari.pool.HikariPool        : HikariPool-1 - Added connection com.mysql.cj.jdbc.ConnectionImpl@6b8b5020
2025-01-18T18:32:33.908-05:00  INFO 24220 --- [demo] [main] com.zaxxer.hikari.HikariDataSource       : HikariPool-1 - Start completed.
2025-01-18T18:32:34.003-05:00  INFO 24220 --- [demo] [main] o.hibernate.jpa.internal.util.LogHelper  : HHH000204: Processing PersistenceUnitInfo [name: default]
2025-01-18T18:32:34.124-05:00  INFO 24220 --- [demo] [main] org.hibernate.Version                    : HHH000412: Hibernate ORM core version 6.6.2.Final
2025-01-18T18:32:34.188-05:00  INFO 24220 --- [demo] [main] o.h.c.internal.RegionFactoryInitiator    : HHH000026: Second-level cache disabled
2025-01-18T18:32:34.628-05:00  INFO 24220 --- [demo] [main] o.s.o.j.p.SpringPersistenceUnitInfo      : No LoadTimeWeaver setup: ignoring JPA class transformer
2025-01-18T18:32:34.815-05:00  INFO 24220 --- [demo] [main] org.hibernate.orm.connections.pooling    : HHH10001005: Database info:
	Database JDBC URL [Connecting through datasource 'HikariDataSource (HikariPool-1)']
	Database driver: undefined/unknown
	Database version: 9.1
	Autocommit mode: undefined/unknown
	Isolation level: undefined/unknown
	Minimum pool size: undefined/unknown
	Maximum pool size: undefined/unknown
2025-01-18T18:32:35.775-05:00  INFO 24220 --- [demo] [main] o.h.e.t.j.p.i.JtaPlatformInitiator       : HHH000489: No JTA platform available (set 'hibernate.transaction.jta.platform' to enable JTA platform integration)
2025-01-18T18:32:35.778-05:00  INFO 24220 --- [demo] [main] j.LocalContainerEntityManagerFactoryBean : Initialized JPA EntityManagerFactory for persistence unit 'default'
2025-01-18T18:32:36.138-05:00  INFO 24220 --- [demo] [main] o.s.d.j.r.query.QueryEnhancerFactory     : Hibernate is in classpath; If applicable, HQL parser will be used.
2025-01-18T18:32:36.765-05:00  WARN 24220 --- [demo] [main] JpaBaseConfiguration$JpaWebConfiguration : spring.jpa.open-in-view is enabled by default. Therefore, database queries may be performed during view rendering. Explicitly configure spring.jpa.open-in-view to disable this warning
2025-01-18T18:32:37.250-05:00  INFO 24220 --- [demo] [main] o.s.b.w.embedded.tomcat.TomcatWebServer  : Tomcat started on port 8081 (http) with context path '/'
2025-01-18T18:32:37.260-05:00  INFO 24220 --- [demo] [main] com.project.demo.DemoApplication         : Started DemoApplication in 7.549 seconds (process running for 8.444)
2025-01-18T18:34:51.665-05:00  INFO 24220 --- [demo] [http-nio-8081-exec-1] o.a.c.c.C.[Tomcat].[localhost].[/]       : Initializing Spring DispatcherServlet 'dispatcherServlet'
2025-01-18T18:34:51.684-05:00  INFO 24220 --- [demo] [http-nio-8081-exec-1] o.s.web.servlet.DispatcherServlet        : Initializing Servlet 'dispatcherServlet'
2025-01-18T18:34:51.780-05:00  INFO 24220 --- [demo] [http-nio-8081-exec-1] o.s.web.servlet.DispatcherServlet        : Completed initialization in 93 ms
2025-01-18T18:55:54.779-05:00 ERROR 24220 --- [demo] [http-nio-8081-exec-4] c.p.d.s.exceptions.exepcionController    : No static resource persona/update/getById/1.
2025-01-18T18:55:54.836-05:00 ERROR 24220 --- [demo] [http-nio-8081-exec-4] c.p.d.s.exceptions.exepcionController    : Ocurrio un error inesperado
