#
# There is insufficient memory for the Java Runtime Environment to continue.
# Native memory allocation (malloc) failed to allocate 1333744 bytes. Error detail: Chunk::new
# Possible reasons:
#   The system is out of physical RAM or swap space
#   This process is running with CompressedOops enabled, and the Java Heap may be blocking the growth of the native heap
# Possible solutions:
#   Reduce memory load on the system
#   Increase physical memory or swap space
#   Check if swap backing store is full
#   Decrease Java heap size (-Xmx/-Xms)
#   Decrease number of Java threads
#   Decrease Java thread stack sizes (-Xss)
#   Set larger code cache with -XX:ReservedCodeCacheSize=
#   JVM is running with Unscaled Compressed Oops mode in which the Java heap is
#     placed in the first 4GB address space. The Java Heap base address is the
#     maximum limit for the native heap growth. Please use -XX:HeapBaseMinAddress
#     to set the Java Heap base and to place the Java Heap above 4GB virtual address.
# This output file may be truncated or incomplete.
#
#  Out of Memory Error (arena.cpp:149), pid=19232, tid=16484
#
# JRE version: OpenJDK Runtime Environment Temurin-23.0.1+11 (23.0.1+11) (build 23.0.1+11)
# Java VM: OpenJDK 64-Bit Server VM Temurin-23.0.1+11 (23.0.1+11, mixed mode, sharing, tiered, compressed oops, compressed class ptrs, g1 gc, windows-amd64)
# No core dump will be written. Minidumps are not enabled by default on client versions of Windows
#

---------------  S U M M A R Y ------------

Command Line: -XX:+ShowCodeDetailsInExceptionMessages com.reunionconsejo.ReunionApplication

Host: AMD Ryzen 3 3250U with Radeon Graphics         , 4 cores, 5G,  Windows 11 , 64 bit Build 22621 (10.0.22621.4391)
Time: Tue Jan  7 16:18:22 2025 Hora est. Pacífico, Sudamérica elapsed time: 7.738604 seconds (0d 0h 0m 7s)

---------------  T H R E A D  ---------------

Current thread (0x000002004862e680):  JavaThread "C2 CompilerThread0" daemon [_thread_in_native, id=16484, stack(0x000000d64d000000,0x000000d64d100000) (1024K)]


Current CompileTask:
C2:7739 3907       4       org.springframework.beans.factory.support.AbstractBeanFactory::isTypeMatch (745 bytes)

Stack: [0x000000d64d000000,0x000000d64d100000]
Native frames: (J=compiled Java code, j=interpreted, Vv=VM code, C=native code)
V  [jvm.dll+0x6e8c79]  (no source info available)
V  [jvm.dll+0x8d9253]  (no source info available)
V  [jvm.dll+0x8db6de]  (no source info available)
V  [jvm.dll+0x8dbdb3]  (no source info available)
V  [jvm.dll+0x281aa6]  (no source info available)
V  [jvm.dll+0xbbb0f]  (no source info available)
V  [jvm.dll+0xbbd6b]  (no source info available)
V  [jvm.dll+0x3b9ecc]  (no source info available)
V  [jvm.dll+0x1e1dfe]  (no source info available)
V  [jvm.dll+0x24ae25]  (no source info available)
V  [jvm.dll+0x24a03f]  (no source info available)
V  [jvm.dll+0x1c8ea0]  (no source info available)
V  [jvm.dll+0x25a13e]  (no source info available)
V  [jvm.dll+0x25840a]  (no source info available)
V  [jvm.dll+0x3f4706]  (no source info available)
V  [jvm.dll+0x8802ab]  (no source info available)
V  [jvm.dll+0x6e7485]  (no source info available)
C  [ucrtbase.dll+0x29333]  (no source info available)
C  [KERNEL32.DLL+0x1259d]  (no source info available)
C  [ntdll.dll+0x5af38]  (no source info available)

Lock stack of current Java thread (top to bottom):


---------------  P R O C E S S  ---------------

Threads class SMR info:
_java_thread_list=0x000002008edda340, length=11, elements={
0x000002002a74b550, 0x0000020048618ef0, 0x000002004861ac20, 0x000002004861e070,
0x000002004861ead0, 0x0000020048627540, 0x000002004862dce0, 0x000002004862e680,
0x0000020048631a60, 0x000002004877e600, 0x00000200487836f0
}

Java Threads: ( => current thread )
  0x000002002a74b550 JavaThread "main"                              [_thread_in_Java, id=9352, stack(0x000000d64c200000,0x000000d64c300000) (1024K)]
  0x0000020048618ef0 JavaThread "Reference Handler"          daemon [_thread_blocked, id=4044, stack(0x000000d64ca00000,0x000000d64cb00000) (1024K)]
  0x000002004861ac20 JavaThread "Finalizer"                  daemon [_thread_blocked, id=11476, stack(0x000000d64cb00000,0x000000d64cc00000) (1024K)]
  0x000002004861e070 JavaThread "Signal Dispatcher"          daemon [_thread_blocked, id=908, stack(0x000000d64cc00000,0x000000d64cd00000) (1024K)]
  0x000002004861ead0 JavaThread "Attach Listener"            daemon [_thread_blocked, id=17364, stack(0x000000d64cd00000,0x000000d64ce00000) (1024K)]
  0x0000020048627540 JavaThread "Service Thread"             daemon [_thread_blocked, id=3788, stack(0x000000d64ce00000,0x000000d64cf00000) (1024K)]
  0x000002004862dce0 JavaThread "Monitor Deflation Thread"   daemon [_thread_blocked, id=14376, stack(0x000000d64cf00000,0x000000d64d000000) (1024K)]
=>0x000002004862e680 JavaThread "C2 CompilerThread0"         daemon [_thread_in_native, id=16484, stack(0x000000d64d000000,0x000000d64d100000) (1024K)]
  0x0000020048631a60 JavaThread "C1 CompilerThread0"         daemon [_thread_blocked, id=20084, stack(0x000000d64d100000,0x000000d64d200000) (1024K)]
  0x000002004877e600 JavaThread "Notification Thread"        daemon [_thread_blocked, id=10696, stack(0x000000d64d200000,0x000000d64d300000) (1024K)]
  0x00000200487836f0 JavaThread "Common-Cleaner"             daemon [_thread_blocked, id=24404, stack(0x000000d64d300000,0x000000d64d400000) (1024K)]
Total: 11

Other Threads:
  0x0000020048603000 VMThread "VM Thread"                           [id=9884, stack(0x000000d64c900000,0x000000d64ca00000) (1024K)]
  0x00000200485edf60 WatcherThread "VM Periodic Task Thread"        [id=23232, stack(0x000000d64c800000,0x000000d64c900000) (1024K)]
  0x000002002ca95b40 WorkerThread "GC Thread#0"                     [id=18032, stack(0x000000d64c300000,0x000000d64c400000) (1024K)]
  0x000002008e73ea90 WorkerThread "GC Thread#1"                     [id=52, stack(0x000000d64d400000,0x000000d64d500000) (1024K)]
  0x000002008e75d770 WorkerThread "GC Thread#2"                     [id=4088, stack(0x000000d64d500000,0x000000d64d600000) (1024K)]
  0x000002008e75eb30 WorkerThread "GC Thread#3"                     [id=9532, stack(0x000000d64d600000,0x000000d64d700000) (1024K)]
  0x000002002caa5780 ConcurrentGCThread "G1 Main Marker"            [id=16636, stack(0x000000d64c400000,0x000000d64c500000) (1024K)]
  0x000002002caa6420 WorkerThread "G1 Conc#0"                       [id=18064, stack(0x000000d64c500000,0x000000d64c600000) (1024K)]
  0x00000200484bd130 ConcurrentGCThread "G1 Refine#0"               [id=23464, stack(0x000000d64c600000,0x000000d64c700000) (1024K)]
  0x00000200484c0660 ConcurrentGCThread "G1 Service"                [id=13164, stack(0x000000d64c700000,0x000000d64c800000) (1024K)]
Total: 10

Threads with active compile tasks:
C2 CompilerThread0  7933 3907       4       org.springframework.beans.factory.support.AbstractBeanFactory::isTypeMatch (745 bytes)
Total: 1

VM state: not at safepoint (normal execution)

VM Mutex/Monitor currently owned by a thread: None

Heap address: 0x00000000a1400000, size: 1516 MB, Compressed Oops mode: 32-bit

CDS archive(s) mapped at: [0x0000020049000000-0x0000020049d70000-0x0000020049d70000), size 14090240, SharedBaseAddress: 0x0000020049000000, ArchiveRelocationMode: 1.
Compressed class space mapped at: 0x000002004a000000-0x000002008a000000, reserved size: 1073741824
Narrow klass base: 0x0000020049000000, Narrow klass shift: 0, Narrow klass range: 0x41000000

GC Precious Log:
 CardTable entry size: 512
 Card Set container configuration: InlinePtr #cards 5 size 8 Array Of Cards #cards 10 size 36 Howl #buckets 4 coarsen threshold 1843 Howl Bitmap #cards 512 size 80 coarsen threshold 460 Card regions per heap region 1 cards per card region 2048
 CPUs: 4 total, 4 available
 Memory: 6063M
 Large Page Support: Disabled
 NUMA Support: Disabled
 Compressed Oops: Enabled (32-bit)
 Heap Region Size: 1M
 Heap Min Capacity: 8M
 Heap Initial Capacity: 96M
 Heap Max Capacity: 1516M
 Pre-touch: Disabled
 Parallel Workers: 4
 Concurrent Workers: 1
 Concurrent Refinement Workers: 4
 Periodic GC: Disabled

Heap:
 garbage-first heap   total reserved 1552384K, committed 48128K, used 23985K [0x00000000a1400000, 0x0000000100000000)
  region size 1024K, 12 young (12288K), 3 survivors (3072K)
 Metaspace       used 26636K, committed 27072K, reserved 1114112K
  class space    used 3463K, committed 3648K, reserved 1048576K

Heap Regions: E=young(eden), S=young(survivor), O=old, HS=humongous(starts), HC=humongous(continues), CS=collection set, F=free, TAMS=top-at-mark-start, PB=parsable bottom
|   0|0x00000000a1400000, 0x00000000a1500000, 0x00000000a1500000|100%|HS|  |TAMS 0x00000000a1400000| PB 0x00000000a1400000| Complete |  0
|   1|0x00000000a1500000, 0x00000000a1600000, 0x00000000a1600000|100%|HS|  |TAMS 0x00000000a1500000| PB 0x00000000a1500000| Complete |  0
|   2|0x00000000a1600000, 0x00000000a1700000, 0x00000000a1700000|100%| O|  |TAMS 0x00000000a1600000| PB 0x00000000a1600000| Untracked |  0
|   3|0x00000000a1700000, 0x00000000a1800000, 0x00000000a1800000|100%| O|  |TAMS 0x00000000a1700000| PB 0x00000000a1700000| Untracked |  0
|   4|0x00000000a1800000, 0x00000000a1900000, 0x00000000a1900000|100%| O|  |TAMS 0x00000000a1800000| PB 0x00000000a1800000| Untracked |  0
|   5|0x00000000a1900000, 0x00000000a1a00000, 0x00000000a1a00000|100%| O|  |TAMS 0x00000000a1900000| PB 0x00000000a1900000| Untracked |  0
|   6|0x00000000a1a00000, 0x00000000a1b00000, 0x00000000a1b00000|100%| O|  |TAMS 0x00000000a1a00000| PB 0x00000000a1a00000| Untracked |  0
|   7|0x00000000a1b00000, 0x00000000a1c00000, 0x00000000a1c00000|100%| O|  |TAMS 0x00000000a1b00000| PB 0x00000000a1b00000| Untracked |  0
|   8|0x00000000a1c00000, 0x00000000a1c37e60, 0x00000000a1d00000| 21%| O|  |TAMS 0x00000000a1c00000| PB 0x00000000a1c00000| Untracked |  0
|   9|0x00000000a1d00000, 0x00000000a1e00000, 0x00000000a1e00000|100%| O|  |TAMS 0x00000000a1d00000| PB 0x00000000a1d00000| Untracked |  0
|  10|0x00000000a1e00000, 0x00000000a1f00000, 0x00000000a1f00000|100%| O|  |TAMS 0x00000000a1e00000| PB 0x00000000a1e00000| Untracked |  0
|  11|0x00000000a1f00000, 0x00000000a2000000, 0x00000000a2000000|100%| O|  |TAMS 0x00000000a1f00000| PB 0x00000000a1f00000| Untracked |  0
|  12|0x00000000a2000000, 0x00000000a2100000, 0x00000000a2100000|100%| O|  |TAMS 0x00000000a2000000| PB 0x00000000a2000000| Untracked |  0
|  13|0x00000000a2100000, 0x00000000a21c90c8, 0x00000000a2200000| 78%| O|  |TAMS 0x00000000a2100000| PB 0x00000000a2100000| Untracked |  0
|  14|0x00000000a2200000, 0x00000000a2200000, 0x00000000a2300000|  0%| F|  |TAMS 0x00000000a2200000| PB 0x00000000a2200000| Untracked |  0
|  15|0x00000000a2300000, 0x00000000a2300000, 0x00000000a2400000|  0%| F|  |TAMS 0x00000000a2300000| PB 0x00000000a2300000| Untracked |  0
|  16|0x00000000a2400000, 0x00000000a246b648, 0x00000000a2500000| 41%| S|CS|TAMS 0x00000000a2400000| PB 0x00000000a2400000| Complete |  0
|  17|0x00000000a2500000, 0x00000000a2600000, 0x00000000a2600000|100%| S|CS|TAMS 0x00000000a2500000| PB 0x00000000a2500000| Complete |  0
|  18|0x00000000a2600000, 0x00000000a2700000, 0x00000000a2700000|100%| S|CS|TAMS 0x00000000a2600000| PB 0x00000000a2600000| Complete |  0
|  19|0x00000000a2700000, 0x00000000a2700000, 0x00000000a2800000|  0%| F|  |TAMS 0x00000000a2700000| PB 0x00000000a2700000| Untracked |  0
|  20|0x00000000a2800000, 0x00000000a2800000, 0x00000000a2900000|  0%| F|  |TAMS 0x00000000a2800000| PB 0x00000000a2800000| Untracked |  0
|  21|0x00000000a2900000, 0x00000000a2900000, 0x00000000a2a00000|  0%| F|  |TAMS 0x00000000a2900000| PB 0x00000000a2900000| Untracked |  0
|  22|0x00000000a2a00000, 0x00000000a2a00000, 0x00000000a2b00000|  0%| F|  |TAMS 0x00000000a2a00000| PB 0x00000000a2a00000| Untracked |  0
|  23|0x00000000a2b00000, 0x00000000a2b00000, 0x00000000a2c00000|  0%| F|  |TAMS 0x00000000a2b00000| PB 0x00000000a2b00000| Untracked |  0
|  24|0x00000000a2c00000, 0x00000000a2c00000, 0x00000000a2d00000|  0%| F|  |TAMS 0x00000000a2c00000| PB 0x00000000a2c00000| Untracked |  0
|  25|0x00000000a2d00000, 0x00000000a2d00000, 0x00000000a2e00000|  0%| F|  |TAMS 0x00000000a2d00000| PB 0x00000000a2d00000| Untracked |  0
|  26|0x00000000a2e00000, 0x00000000a2e00000, 0x00000000a2f00000|  0%| F|  |TAMS 0x00000000a2e00000| PB 0x00000000a2e00000| Untracked |  0
|  27|0x00000000a2f00000, 0x00000000a2f00000, 0x00000000a3000000|  0%| F|  |TAMS 0x00000000a2f00000| PB 0x00000000a2f00000| Untracked |  0
|  28|0x00000000a3000000, 0x00000000a3000000, 0x00000000a3100000|  0%| F|  |TAMS 0x00000000a3000000| PB 0x00000000a3000000| Untracked |  0
|  29|0x00000000a3100000, 0x00000000a3100000, 0x00000000a3200000|  0%| F|  |TAMS 0x00000000a3100000| PB 0x00000000a3100000| Untracked |  0
|  30|0x00000000a3200000, 0x00000000a3200000, 0x00000000a3300000|  0%| F|  |TAMS 0x00000000a3200000| PB 0x00000000a3200000| Untracked |  0
|  31|0x00000000a3300000, 0x00000000a3300000, 0x00000000a3400000|  0%| F|  |TAMS 0x00000000a3300000| PB 0x00000000a3300000| Untracked |  0
|  32|0x00000000a3400000, 0x00000000a3400000, 0x00000000a3500000|  0%| F|  |TAMS 0x00000000a3400000| PB 0x00000000a3400000| Untracked |  0
|  33|0x00000000a3500000, 0x00000000a3500000, 0x00000000a3600000|  0%| F|  |TAMS 0x00000000a3500000| PB 0x00000000a3500000| Untracked |  0
|  34|0x00000000a3600000, 0x00000000a3600000, 0x00000000a3700000|  0%| F|  |TAMS 0x00000000a3600000| PB 0x00000000a3600000| Untracked |  0
|  35|0x00000000a3700000, 0x00000000a3700000, 0x00000000a3800000|  0%| F|  |TAMS 0x00000000a3700000| PB 0x00000000a3700000| Untracked |  0
|  36|0x00000000a3800000, 0x00000000a3800000, 0x00000000a3900000|  0%| F|  |TAMS 0x00000000a3800000| PB 0x00000000a3800000| Untracked |  0
|  37|0x00000000a3900000, 0x00000000a3900000, 0x00000000a3a00000|  0%| F|  |TAMS 0x00000000a3900000| PB 0x00000000a3900000| Untracked |  0
|  38|0x00000000a3a00000, 0x00000000a3a6eb70, 0x00000000a3b00000| 43%| E|  |TAMS 0x00000000a3a00000| PB 0x00000000a3a00000| Complete |  0
|  39|0x00000000a3b00000, 0x00000000a3c00000, 0x00000000a3c00000|100%| E|CS|TAMS 0x00000000a3b00000| PB 0x00000000a3b00000| Complete |  0
|  40|0x00000000a3c00000, 0x00000000a3d00000, 0x00000000a3d00000|100%| E|CS|TAMS 0x00000000a3c00000| PB 0x00000000a3c00000| Complete |  0
|  41|0x00000000a3d00000, 0x00000000a3e00000, 0x00000000a3e00000|100%| E|CS|TAMS 0x00000000a3d00000| PB 0x00000000a3d00000| Complete |  0
|  63|0x00000000a5300000, 0x00000000a5400000, 0x00000000a5400000|100%| E|CS|TAMS 0x00000000a5300000| PB 0x00000000a5300000| Complete |  0
|  64|0x00000000a5400000, 0x00000000a5500000, 0x00000000a5500000|100%| E|CS|TAMS 0x00000000a5400000| PB 0x00000000a5400000| Complete |  0
|  65|0x00000000a5500000, 0x00000000a5600000, 0x00000000a5600000|100%| E|CS|TAMS 0x00000000a5500000| PB 0x00000000a5500000| Complete |  0
|  66|0x00000000a5600000, 0x00000000a5700000, 0x00000000a5700000|100%| E|CS|TAMS 0x00000000a5600000| PB 0x00000000a5600000| Complete |  0
|  67|0x00000000a5700000, 0x00000000a5800000, 0x00000000a5800000|100%| E|CS|TAMS 0x00000000a5700000| PB 0x00000000a5700000| Complete |  0

Card table byte_map: [0x00000200446b0000,0x00000200449b0000] _byte_map_base: 0x00000200441a6000

Marking Bits: (CMBitMap*) 0x000002002ca96160
 Bits: [0x00000200449b0000, 0x0000020046160000)

Polling page: 0x000002002aa70000

Metaspace:

Usage:
  Non-class:     22.64 MB used.
      Class:      3.38 MB used.
       Both:     26.03 MB used.

Virtual space:
  Non-class space:       64.00 MB reserved,      22.88 MB ( 36%) committed,  1 nodes.
      Class space:        1.00 GB reserved,       3.56 MB ( <1%) committed,  1 nodes.
             Both:        1.06 GB reserved,      26.44 MB (  2%) committed. 

Chunk freelists:
   Non-Class:  8.88 MB
       Class:  12.41 MB
        Both:  21.29 MB

MaxMetaspaceSize: unlimited
CompressedClassSpaceSize: 1.00 GB
Initial GC threshold: 21.00 MB
Current GC threshold: 35.12 MB
CDS: on
 - commit_granule_bytes: 65536.
 - commit_granule_words: 8192.
 - virtual_space_node_default_size: 8388608.
 - enlarge_chunks_in_place: 1.
 - use_allocation_guard: 0.


Internal statistics:

num_allocs_failed_limit: 3.
num_arena_births: 514.
num_arena_deaths: 0.
num_vsnodes_births: 2.
num_vsnodes_deaths: 0.
num_space_committed: 423.
num_space_uncommitted: 0.
num_chunks_returned_to_freelist: 3.
num_chunks_taken_from_freelist: 1484.
num_chunk_merges: 3.
num_chunk_splits: 955.
num_chunks_enlarged: 641.
num_inconsistent_stats: 0.

CodeHeap 'non-profiled nmethods': size=120064Kb used=1363Kb max_used=1363Kb free=118700Kb
 bounds [0x000002003ce70000, 0x000002003d0e0000, 0x00000200443b0000]
CodeHeap 'profiled nmethods': size=120000Kb used=6322Kb max_used=6322Kb free=113677Kb
 bounds [0x00000200353b0000, 0x00000200359e0000, 0x000002003c8e0000]
CodeHeap 'non-nmethods': size=5696Kb used=1459Kb max_used=1499Kb free=4236Kb
 bounds [0x000002003c8e0000, 0x000002003cb50000, 0x000002003ce70000]
CodeCache: size=245760Kb, used=9144Kb, max_used=9184Kb, free=236613Kb
 total_blobs=4595, nmethods=4042, adapters=458, full_count=0
Compilation: enabled, stopped_count=0, restarted_count=0

Compilation events (20 events):
Event: 7.714 Thread 0x0000020048631a60 4003       3       org.springframework.beans.factory.annotation.AutowiredAnnotationBeanPostProcessor$$Lambda/0x000002004a335558::doWith (13 bytes)
Event: 7.715 Thread 0x0000020048631a60 nmethod 4003 0x00000200359c6b08 code [0x00000200359c6c20, 0x00000200359c6d70]
Event: 7.716 Thread 0x0000020048631a60 4004       3       java.lang.reflect.Field::getDeclaredAnnotations (8 bytes)
Event: 7.717 Thread 0x0000020048631a60 nmethod 4004 0x00000200359c6e08 code [0x00000200359c6f60, 0x00000200359c7388]
Event: 7.719 Thread 0x0000020048631a60 4005       3       org.springframework.boot.context.properties.source.SpringConfigurationPropertySources::iterator (23 bytes)
Event: 7.720 Thread 0x0000020048631a60 nmethod 4005 0x00000200359c7408 code [0x00000200359c75c0, 0x00000200359c7fb8]
Event: 7.720 Thread 0x0000020048631a60 4006       3       org.springframework.boot.context.properties.source.SpringConfigurationPropertySources$$Lambda/0x000002004a0b5000::<init> (10 bytes)
Event: 7.720 Thread 0x0000020048631a60 nmethod 4006 0x00000200359c8088 code [0x00000200359c81a0, 0x00000200359c8358]
Event: 7.721 Thread 0x0000020048631a60 4007       3       org.springframework.boot.context.properties.source.ConfigurationPropertyName::isIndexed (12 bytes)
Event: 7.721 Thread 0x0000020048631a60 nmethod 4007 0x00000200359c8388 code [0x00000200359c84c0, 0x00000200359c8698]
Event: 7.721 Thread 0x0000020048631a60 4008       3       org.springframework.boot.env.OriginTrackedMapPropertySource::getProperty (25 bytes)
Event: 7.722 Thread 0x0000020048631a60 nmethod 4008 0x00000200359c8708 code [0x00000200359c8860, 0x00000200359c8e40]
Event: 7.724 Thread 0x0000020048631a60 4009       3       java.lang.ProcessEnvironment$CheckedKeySet::isEmpty (10 bytes)
Event: 7.724 Thread 0x0000020048631a60 nmethod 4009 0x00000200359c8e88 code [0x00000200359c8fa0, 0x00000200359c9178]
Event: 7.724 Thread 0x0000020048631a60 4010       3       java.lang.ProcessEnvironment$CheckedKeySet::size (10 bytes)
Event: 7.724 Thread 0x0000020048631a60 nmethod 4010 0x00000200359c9188 code [0x00000200359c92a0, 0x00000200359c9478]
Event: 7.724 Thread 0x0000020048631a60 4011       3       java.lang.ProcessEnvironment$CheckedKeySet::iterator (10 bytes)
Event: 7.724 Thread 0x0000020048631a60 nmethod 4011 0x00000200359c9488 code [0x00000200359c95a0, 0x00000200359c9778]
Event: 7.725 Thread 0x0000020048631a60 4012       3       org.springframework.boot.context.properties.source.SpringIterableConfigurationPropertySource$Mappings::containsDescendantOf (93 bytes)
Event: 7.726 Thread 0x0000020048631a60 nmethod 4012 0x00000200359c9788 code [0x00000200359c9960, 0x00000200359ca3d0]

GC Heap History (10 events):
Event: 1.336 GC heap before
{Heap before GC invocations=0 (full 0):
 garbage-first heap   total reserved 1552384K, committed 98304K, used 15360K [0x00000000a1400000, 0x0000000100000000)
  region size 1024K, 14 young (14336K), 0 survivors (0K)
 Metaspace       used 4301K, committed 4416K, reserved 1114112K
  class space    used 501K, committed 576K, reserved 1048576K
}
Event: 1.347 GC heap after
{Heap after GC invocations=1 (full 0):
 garbage-first heap   total reserved 1552384K, committed 98304K, used 6830K [0x00000000a1400000, 0x0000000100000000)
  region size 1024K, 2 young (2048K), 2 survivors (2048K)
 Metaspace       used 4301K, committed 4416K, reserved 1114112K
  class space    used 501K, committed 576K, reserved 1048576K
}
Event: 2.189 GC heap before
{Heap before GC invocations=1 (full 0):
 garbage-first heap   total reserved 1552384K, committed 98304K, used 19118K [0x00000000a1400000, 0x0000000100000000)
  region size 1024K, 14 young (14336K), 2 survivors (2048K)
 Metaspace       used 7778K, committed 8000K, reserved 1114112K
  class space    used 959K, committed 1088K, reserved 1048576K
}
Event: 2.197 GC heap after
{Heap after GC invocations=2 (full 0):
 garbage-first heap   total reserved 1552384K, committed 98304K, used 8197K [0x00000000a1400000, 0x0000000100000000)
  region size 1024K, 2 young (2048K), 2 survivors (2048K)
 Metaspace       used 7778K, committed 8000K, reserved 1114112K
  class space    used 959K, committed 1088K, reserved 1048576K
}
Event: 3.338 GC heap before
{Heap before GC invocations=2 (full 0):
 garbage-first heap   total reserved 1552384K, committed 98304K, used 38917K [0x00000000a1400000, 0x0000000100000000)
  region size 1024K, 33 young (33792K), 2 survivors (2048K)
 Metaspace       used 16828K, committed 17152K, reserved 1114112K
  class space    used 2115K, committed 2240K, reserved 1048576K
}
Event: 3.344 GC heap after
{Heap after GC invocations=3 (full 0):
 garbage-first heap   total reserved 1552384K, committed 98304K, used 10618K [0x00000000a1400000, 0x0000000100000000)
  region size 1024K, 4 young (4096K), 4 survivors (4096K)
 Metaspace       used 16828K, committed 17152K, reserved 1114112K
  class space    used 2115K, committed 2240K, reserved 1048576K
}
Event: 4.718 GC heap before
{Heap before GC invocations=3 (full 0):
 garbage-first heap   total reserved 1552384K, committed 98304K, used 38266K [0x00000000a1400000, 0x0000000100000000)
  region size 1024K, 32 young (32768K), 4 survivors (4096K)
 Metaspace       used 21224K, committed 21504K, reserved 1114112K
  class space    used 2617K, committed 2752K, reserved 1048576K
}
Event: 4.730 GC heap after
{Heap after GC invocations=4 (full 0):
 garbage-first heap   total reserved 1552384K, committed 98304K, used 13535K [0x00000000a1400000, 0x0000000100000000)
  region size 1024K, 5 young (5120K), 5 survivors (5120K)
 Metaspace       used 21224K, committed 21504K, reserved 1114112K
  class space    used 2617K, committed 2752K, reserved 1048576K
}
Event: 7.326 GC heap before
{Heap before GC invocations=5 (full 0):
 garbage-first heap   total reserved 1552384K, committed 48128K, used 37087K [0x00000000a1400000, 0x0000000100000000)
  region size 1024K, 28 young (28672K), 5 survivors (5120K)
 Metaspace       used 25335K, committed 25728K, reserved 1114112K
  class space    used 3238K, committed 3392K, reserved 1048576K
}
Event: 7.343 GC heap after
{Heap after GC invocations=6 (full 0):
 garbage-first heap   total reserved 1552384K, committed 48128K, used 15793K [0x00000000a1400000, 0x0000000100000000)
  region size 1024K, 3 young (3072K), 3 survivors (3072K)
 Metaspace       used 25335K, committed 25728K, reserved 1114112K
  class space    used 3238K, committed 3392K, reserved 1048576K
}

Dll operation events (7 events):
Event: 0.014 Loaded shared library C:\Users\manec\AppData\Roaming\Code\User\globalStorage\pleiades.java-extension-pack-jdk\java\latest\bin\java.dll
Event: 0.063 Loaded shared library C:\Users\manec\AppData\Roaming\Code\User\globalStorage\pleiades.java-extension-pack-jdk\java\latest\bin\jsvml.dll
Event: 0.351 Loaded shared library C:\Users\manec\AppData\Roaming\Code\User\globalStorage\pleiades.java-extension-pack-jdk\java\latest\bin\net.dll
Event: 0.362 Loaded shared library C:\Users\manec\AppData\Roaming\Code\User\globalStorage\pleiades.java-extension-pack-jdk\java\latest\bin\nio.dll
Event: 0.372 Loaded shared library C:\Users\manec\AppData\Roaming\Code\User\globalStorage\pleiades.java-extension-pack-jdk\java\latest\bin\zip.dll
Event: 0.619 Loaded shared library C:\Users\manec\AppData\Roaming\Code\User\globalStorage\pleiades.java-extension-pack-jdk\java\latest\bin\jimage.dll
Event: 3.608 Loaded shared library C:\Users\manec\AppData\Roaming\Code\User\globalStorage\pleiades.java-extension-pack-jdk\java\latest\bin\sunmscapi.dll

Deoptimization events (20 events):
Event: 7.532 Thread 0x000002002a74b550 Uncommon trap: trap_request=0xffffffde fr.pc=0x000002003cee5044 relative=0x0000000000000164
Event: 7.532 Thread 0x000002002a74b550 Uncommon trap: reason=class_check action=maybe_recompile pc=0x000002003cee5044 method=org.springframework.boot.context.properties.source.ConfigurationPropertyName$Elements.charAt(II)C @ 43 c2
Event: 7.532 Thread 0x000002002a74b550 DEOPT PACKING pc=0x000002003cee5044 sp=0x000000d64c2fbf90
Event: 7.532 Thread 0x000002002a74b550 DEOPT UNPACKING pc=0x000002003c934402 sp=0x000000d64c2fbf08 mode 2
Event: 7.718 Thread 0x000002002a74b550 Uncommon trap: trap_request=0xffffffde fr.pc=0x000002003cf80270 relative=0x0000000000000150
Event: 7.718 Thread 0x000002002a74b550 Uncommon trap: reason=class_check action=maybe_recompile pc=0x000002003cf80270 method=java.lang.reflect.Array.newInstance(Ljava/lang/Class;I)Ljava/lang/Object; @ 2 c2
Event: 7.718 Thread 0x000002002a74b550 DEOPT PACKING pc=0x000002003cf80270 sp=0x000000d64c2faea0
Event: 7.718 Thread 0x000002002a74b550 DEOPT UNPACKING pc=0x000002003c934402 sp=0x000000d64c2fae38 mode 2
Event: 7.718 Thread 0x000002002a74b550 Uncommon trap: trap_request=0xffffffde fr.pc=0x000002003cf80270 relative=0x0000000000000150
Event: 7.718 Thread 0x000002002a74b550 Uncommon trap: reason=class_check action=maybe_recompile pc=0x000002003cf80270 method=java.lang.reflect.Array.newInstance(Ljava/lang/Class;I)Ljava/lang/Object; @ 2 c2
Event: 7.718 Thread 0x000002002a74b550 DEOPT PACKING pc=0x000002003cf80270 sp=0x000000d64c2faea0
Event: 7.718 Thread 0x000002002a74b550 DEOPT UNPACKING pc=0x000002003c934402 sp=0x000000d64c2fae38 mode 2
Event: 7.719 Thread 0x000002002a74b550 Uncommon trap: trap_request=0xffffffde fr.pc=0x000002003cf80270 relative=0x0000000000000150
Event: 7.719 Thread 0x000002002a74b550 Uncommon trap: reason=class_check action=maybe_recompile pc=0x000002003cf80270 method=java.lang.reflect.Array.newInstance(Ljava/lang/Class;I)Ljava/lang/Object; @ 2 c2
Event: 7.719 Thread 0x000002002a74b550 DEOPT PACKING pc=0x000002003cf80270 sp=0x000000d64c2faea0
Event: 7.719 Thread 0x000002002a74b550 DEOPT UNPACKING pc=0x000002003c934402 sp=0x000000d64c2fae38 mode 2
Event: 7.719 Thread 0x000002002a74b550 Uncommon trap: trap_request=0xffffffde fr.pc=0x000002003cf80270 relative=0x0000000000000150
Event: 7.719 Thread 0x000002002a74b550 Uncommon trap: reason=class_check action=maybe_recompile pc=0x000002003cf80270 method=java.lang.reflect.Array.newInstance(Ljava/lang/Class;I)Ljava/lang/Object; @ 2 c2
Event: 7.719 Thread 0x000002002a74b550 DEOPT PACKING pc=0x000002003cf80270 sp=0x000000d64c2faea0
Event: 7.719 Thread 0x000002002a74b550 DEOPT UNPACKING pc=0x000002003c934402 sp=0x000000d64c2fae38 mode 2

Classes loaded (20 events):
Event: 7.325 Loading class java/lang/UnsatisfiedLinkError
Event: 7.325 Loading class java/lang/UnsatisfiedLinkError done
Event: 7.347 Loading class java/lang/ThreadDeath
Event: 7.347 Loading class java/lang/ThreadDeath done
Event: 7.412 Loading class javax/management/NotificationEmitter
Event: 7.412 Loading class javax/management/NotificationBroadcaster
Event: 7.412 Loading class javax/management/NotificationBroadcaster done
Event: 7.412 Loading class javax/management/NotificationEmitter done
Event: 7.579 Loading class java/util/function/ObjIntConsumer
Event: 7.580 Loading class java/util/function/ObjIntConsumer done
Event: 7.641 Loading class javax/management/MBeanRegistrationException
Event: 7.641 Loading class javax/management/MBeanException
Event: 7.641 Loading class javax/management/JMException
Event: 7.642 Loading class javax/management/JMException done
Event: 7.642 Loading class javax/management/MBeanException done
Event: 7.642 Loading class javax/management/MBeanRegistrationException done
Event: 7.642 Loading class javax/management/InstanceNotFoundException
Event: 7.642 Loading class javax/management/OperationsException
Event: 7.642 Loading class javax/management/OperationsException done
Event: 7.642 Loading class javax/management/InstanceNotFoundException done

Classes unloaded (0 events):
No events

Classes redefined (0 events):
No events

Internal exceptions (20 events):
Event: 6.114 Thread 0x000002002a74b550 Exception <a 'java/lang/NoClassDefFoundError'{0x00000000a2ea07e8}: org/flywaydb/core/Flyway> (0x00000000a2ea07e8) 
thrown [s\src\hotspot\share\classfile\systemDictionary.cpp, line 302]
Event: 6.114 Thread 0x000002002a74b550 Exception <a 'java/lang/NoClassDefFoundError'{0x00000000a2ea2630}: liquibase/integration/spring/SpringLiquibase> (0x00000000a2ea2630) 
thrown [s\src\hotspot\share\classfile\systemDictionary.cpp, line 302]
Event: 6.127 Thread 0x000002002a74b550 Exception <a 'java/lang/NoClassDefFoundError'{0x00000000a2ee0388}: org/springframework/batch/core/repository/JobRepository> (0x00000000a2ee0388) 
thrown [s\src\hotspot\share\classfile\systemDictionary.cpp, line 302]
Event: 6.127 Thread 0x000002002a74b550 Exception <a 'java/lang/NoClassDefFoundError'{0x00000000a2ee1f40}: org/quartz/Scheduler> (0x00000000a2ee1f40) 
thrown [s\src\hotspot\share\classfile\systemDictionary.cpp, line 302]
Event: 6.127 Thread 0x000002002a74b550 Exception <a 'java/lang/NoClassDefFoundError'{0x00000000a2ee4018}: org/springframework/session/jdbc/JdbcIndexedSessionRepository> (0x00000000a2ee4018) 
thrown [s\src\hotspot\share\classfile\systemDictionary.cpp, line 302]
Event: 6.934 Thread 0x000002002a74b550 Exception <a 'java/lang/NoClassDefFoundError'{0x00000000a2cefa88}: org/jooq/DSLContext> (0x00000000a2cefa88) 
thrown [s\src\hotspot\share\classfile\systemDictionary.cpp, line 302]
Event: 7.025 Thread 0x000002002a74b550 Exception <a 'java/lang/NoSuchMethodError'{0x00000000a2a005e8}: 'void java.lang.invoke.DirectMethodHandle$Holder.invokeSpecial(java.lang.Object, java.lang.Object, java.lang.Object, java.lang.Object, java.lang.Object, java.lang.Object)'> (0x00000000a2a005e8) 
thrown [s\src\hotspot\share\interpreter\linkResolver.cpp, line 796]
Event: 7.034 Thread 0x000002002a74b550 Exception <a 'java/lang/NoSuchMethodError'{0x00000000a2a3edc8}: 'void java.lang.invoke.DirectMethodHandle$Holder.invokeVirtual(java.lang.Object, java.lang.Object, int)'> (0x00000000a2a3edc8) 
thrown [s\src\hotspot\share\interpreter\linkResolver.cpp, line 796]
Event: 7.049 Thread 0x000002002a74b550 Exception <a 'java/lang/NoSuchMethodError'{0x00000000a2a50fa0}: 'java.lang.Object java.lang.invoke.DirectMethodHandle$Holder.invokeStatic(java.lang.Object, java.lang.Object, java.lang.Object, java.lang.Object, int)'> (0x00000000a2a50fa0) 
thrown [s\src\hotspot\share\interpreter\linkResolver.cpp, line 796]
Event: 7.051 Thread 0x000002002a74b550 Exception <a 'java/lang/NoSuchMethodError'{0x00000000a2a5b6e0}: 'void java.lang.invoke.DelegatingMethodHandle$Holder.reinvoke_L(java.lang.Object, java.lang.Object, int)'> (0x00000000a2a5b6e0) 
thrown [s\src\hotspot\share\interpreter\linkResolver.cpp, line 796]
Event: 7.283 Thread 0x000002002a74b550 Exception <a 'java/lang/NoSuchMethodError'{0x00000000a2717d00}: 'java.lang.Object java.lang.invoke.DirectMethodHandle$Holder.invokeSpecialIFC(java.lang.Object, java.lang.Object, java.lang.Object)'> (0x00000000a2717d00) 
thrown [s\src\hotspot\share\interpreter\linkResolver.cpp, line 796]
Event: 7.302 Thread 0x000002002a74b550 Exception <a 'java/lang/NoSuchMethodError'{0x00000000a275f540}: 'java.lang.Object java.lang.invoke.DirectMethodHandle$Holder.invokeVirtual(java.lang.Object, java.lang.Object, java.lang.Object, java.lang.Object, java.lang.Object)'> (0x00000000a275f540) 
thrown [s\src\hotspot\share\interpreter\linkResolver.cpp, line 796]
Event: 7.535 Thread 0x000002002a74b550 Exception <a 'java/lang/NoSuchMethodError'{0x00000000a55a7430}: 'java.lang.Object java.lang.invoke.DirectMethodHandle$Holder.invokeVirtual(java.lang.Object, java.lang.Object, java.lang.Object, java.lang.Object, java.lang.Object, java.lang.Object)'> (0x00000000a55a7430) 
thrown [s\src\hotspot\share\interpreter\linkResolver.cpp, line 796]
Event: 7.615 Thread 0x000002002a74b550 Exception <a 'java/lang/NoSuchMethodError'{0x00000000a54c7ed8}: 'void java.lang.invoke.DirectMethodHandle$Holder.invokeInterface(java.lang.Object, java.lang.Object, int)'> (0x00000000a54c7ed8) 
thrown [s\src\hotspot\share\interpreter\linkResolver.cpp, line 796]
Event: 7.625 Thread 0x000002002a74b550 Exception <a 'java/lang/IncompatibleClassChangeError'{0x00000000a530ae20}: Found class java.lang.Object, but interface was expected> (0x00000000a530ae20) 
thrown [s\src\hotspot\share\interpreter\linkResolver.cpp, line 863]
Event: 7.627 Thread 0x000002002a74b550 Exception <a 'java/lang/NoSuchMethodError'{0x00000000a5319028}: 'int java.lang.invoke.DirectMethodHandle$Holder.invokeSpecialIFC(java.lang.Object, java.lang.Object, java.lang.Object)'> (0x00000000a5319028) 
thrown [s\src\hotspot\share\interpreter\linkResolver.cpp, line 796]
Event: 7.646 Thread 0x000002002a74b550 Exception <a 'java/lang/NoSuchMethodError'{0x00000000a5361770}: 'void java.lang.invoke.DirectMethodHandle$Holder.invokeStatic(java.lang.Object, java.lang.Object, java.lang.Object, int, java.lang.Object)'> (0x00000000a5361770) 
thrown [s\src\hotspot\share\interpreter\linkResolver.cpp, line 796]
Event: 7.647 Thread 0x000002002a74b550 Exception <a 'java/lang/NoSuchMethodError'{0x00000000a5368050}: 'java.lang.Object java.lang.invoke.DirectMethodHandle$Holder.newInvokeSpecial(java.lang.Object, java.lang.Object, java.lang.Object, int)'> (0x00000000a5368050) 
thrown [s\src\hotspot\share\interpreter\linkResolver.cpp, line 796]
Event: 7.647 Thread 0x000002002a74b550 Exception <a 'java/lang/NoSuchMethodError'{0x00000000a536bf08}: 'java.lang.Object java.lang.invoke.DirectMethodHandle$Holder.invokeSpecial(java.lang.Object, java.lang.Object, java.lang.Object, java.lang.Object, int)'> (0x00000000a536bf08) 
thrown [s\src\hotspot\share\interpreter\linkResolver.cpp, line 796]
Event: 7.648 Thread 0x000002002a74b550 Exception <a 'java/lang/NoSuchMethodError'{0x00000000a536f5e8}: 'java.lang.Object java.lang.invoke.Invokers$Holder.linkToTargetMethod(java.lang.Object, java.lang.Object, int, java.lang.Object)'> (0x00000000a536f5e8) 
thrown [s\src\hotspot\share\interpreter\linkResolver.cpp, line 796]

VM Operations (20 events):
Event: 4.750 Executing VM operation: G1PauseRemark
Event: 4.753 Executing VM operation: G1PauseRemark done
Event: 4.758 Executing VM operation: G1PauseCleanup
Event: 4.758 Executing VM operation: G1PauseCleanup done
Event: 5.328 Executing VM operation: HandshakeAllThreads (Deoptimize)
Event: 5.328 Executing VM operation: HandshakeAllThreads (Deoptimize) done
Event: 5.329 Executing VM operation: HandshakeAllThreads (Deoptimize)
Event: 5.329 Executing VM operation: HandshakeAllThreads (Deoptimize) done
Event: 5.343 Executing VM operation: HandshakeAllThreads (Deoptimize)
Event: 5.343 Executing VM operation: HandshakeAllThreads (Deoptimize) done
Event: 5.344 Executing VM operation: HandshakeAllThreads (Deoptimize)
Event: 5.345 Executing VM operation: HandshakeAllThreads (Deoptimize) done
Event: 5.561 Executing VM operation: HandshakeAllThreads (Deoptimize)
Event: 5.561 Executing VM operation: HandshakeAllThreads (Deoptimize) done
Event: 6.032 Executing VM operation: HandshakeAllThreads (Deoptimize)
Event: 6.032 Executing VM operation: HandshakeAllThreads (Deoptimize) done
Event: 7.076 Executing VM operation: HandshakeAllThreads (Deoptimize)
Event: 7.076 Executing VM operation: HandshakeAllThreads (Deoptimize) done
Event: 7.326 Executing VM operation: G1CollectForAllocation (G1 Evacuation Pause)
Event: 7.343 Executing VM operation: G1CollectForAllocation (G1 Evacuation Pause) done

Memory protections (0 events):
No events

Nmethod flushes (0 events):
No events

Events (19 events):
Event: 0.039 Thread 0x000002002a74b550 Thread added: 0x000002002a74b550
Event: 0.059 Thread 0x000002002a74b550 Thread added: 0x0000020048618ef0
Event: 0.060 Thread 0x000002002a74b550 Thread added: 0x000002004861ac20
Event: 0.060 Thread 0x000002002a74b550 Thread added: 0x000002004861e070
Event: 0.060 Thread 0x000002002a74b550 Thread added: 0x000002004861ead0
Event: 0.060 Thread 0x000002002a74b550 Thread added: 0x0000020048627540
Event: 0.061 Thread 0x000002002a74b550 Thread added: 0x000002004862dce0
Event: 0.061 Thread 0x000002002a74b550 Thread added: 0x000002004862e680
Event: 0.061 Thread 0x000002002a74b550 Thread added: 0x0000020048631a60
Event: 0.331 Thread 0x000002002a74b550 Thread added: 0x000002004877e600
Event: 0.337 Thread 0x000002002a74b550 Thread added: 0x00000200487836f0
Event: 0.741 Thread 0x000002004862e680 Thread added: 0x0000020048632800
Event: 1.157 Thread 0x0000020048632800 Thread exited: 0x0000020048632800
Event: 2.246 Thread 0x0000020048631a60 Thread added: 0x0000020048632800
Event: 2.359 Thread 0x000002002a74b550 Thread added: 0x000002008eade330
Event: 2.578 Thread 0x0000020048632800 Thread exited: 0x0000020048632800
Event: 3.513 Thread 0x000002002a74b550 Thread added: 0x000002008f1773d0
Event: 3.616 Thread 0x000002008f1773d0 Thread exited: 0x000002008f1773d0
Event: 3.617 Thread 0x000002008eade330 Thread exited: 0x000002008eade330


Dynamic libraries:
0x00007ff78fb30000 - 0x00007ff78fb3e000 	C:\Users\manec\AppData\Roaming\Code\User\globalStorage\pleiades.java-extension-pack-jdk\java\latest\bin\java.exe
0x00007ffc987f0000 - 0x00007ffc98a07000 	C:\WINDOWS\SYSTEM32\ntdll.dll
0x00007ffc59860000 - 0x00007ffc5987a000 	C:\Program Files\AVG\Antivirus\aswhook.dll
0x00007ffc98140000 - 0x00007ffc98204000 	C:\WINDOWS\System32\KERNEL32.DLL
0x00007ffc96130000 - 0x00007ffc964ea000 	C:\WINDOWS\System32\KERNELBASE.dll
0x00007ffc95e50000 - 0x00007ffc95f61000 	C:\WINDOWS\System32\ucrtbase.dll
0x00007ffc6d1a0000 - 0x00007ffc6d1be000 	C:\Users\manec\AppData\Roaming\Code\User\globalStorage\pleiades.java-extension-pack-jdk\java\latest\bin\VCRUNTIME140.dll
0x00007ffc6c750000 - 0x00007ffc6c767000 	C:\Users\manec\AppData\Roaming\Code\User\globalStorage\pleiades.java-extension-pack-jdk\java\latest\bin\jli.dll
0x00007ffc96c50000 - 0x00007ffc96dfe000 	C:\WINDOWS\System32\USER32.dll
0x00007ffc95c60000 - 0x00007ffc95c86000 	C:\WINDOWS\System32\win32u.dll
0x00007ffc6c0f0000 - 0x00007ffc6c382000 	C:\WINDOWS\WinSxS\amd64_microsoft.windows.common-controls_6595b64144ccf1df_6.0.22621.4541_none_2710d1c57384c085\COMCTL32.dll
0x00007ffc97960000 - 0x00007ffc97989000 	C:\WINDOWS\System32\GDI32.dll
0x00007ffc97f40000 - 0x00007ffc97fe7000 	C:\WINDOWS\System32\msvcrt.dll
0x00007ffc95d30000 - 0x00007ffc95e4b000 	C:\WINDOWS\System32\gdi32full.dll
0x00007ffc95c90000 - 0x00007ffc95d2a000 	C:\WINDOWS\System32\msvcp_win.dll
0x00007ffc96e10000 - 0x00007ffc96e41000 	C:\WINDOWS\System32\IMM32.DLL
0x00007ffc7e730000 - 0x00007ffc7e73c000 	C:\Users\manec\AppData\Roaming\Code\User\globalStorage\pleiades.java-extension-pack-jdk\java\latest\bin\vcruntime140_1.dll
0x00007ffc4d460000 - 0x00007ffc4d4ed000 	C:\Users\manec\AppData\Roaming\Code\User\globalStorage\pleiades.java-extension-pack-jdk\java\latest\bin\msvcp140.dll
0x00007ffbdf010000 - 0x00007ffbdfddd000 	C:\Users\manec\AppData\Roaming\Code\User\globalStorage\pleiades.java-extension-pack-jdk\java\latest\bin\server\jvm.dll
0x00007ffc96510000 - 0x00007ffc965c2000 	C:\WINDOWS\System32\ADVAPI32.dll
0x00007ffc986f0000 - 0x00007ffc98797000 	C:\WINDOWS\System32\sechost.dll
0x00007ffc95ac0000 - 0x00007ffc95ae8000 	C:\WINDOWS\System32\bcrypt.dll
0x00007ffc96f30000 - 0x00007ffc97044000 	C:\WINDOWS\System32\RPCRT4.dll
0x00007ffc97a20000 - 0x00007ffc97a91000 	C:\WINDOWS\System32\WS2_32.dll
0x00007ffc95990000 - 0x00007ffc959dd000 	C:\WINDOWS\SYSTEM32\POWRPROF.dll
0x00007ffc8f060000 - 0x00007ffc8f094000 	C:\WINDOWS\SYSTEM32\WINMM.dll
0x00007ffc8aff0000 - 0x00007ffc8affa000 	C:\WINDOWS\SYSTEM32\VERSION.dll
0x00007ffc95970000 - 0x00007ffc95983000 	C:\WINDOWS\SYSTEM32\UMPDC.dll
0x00007ffc94ad0000 - 0x00007ffc94ae8000 	C:\WINDOWS\SYSTEM32\kernel.appcore.dll
0x00007ffc7b760000 - 0x00007ffc7b76a000 	C:\Users\manec\AppData\Roaming\Code\User\globalStorage\pleiades.java-extension-pack-jdk\java\latest\bin\jimage.dll
0x00007ffc8b7c0000 - 0x00007ffc8b9f2000 	C:\WINDOWS\SYSTEM32\DBGHELP.DLL
0x00007ffc97b00000 - 0x00007ffc97e8f000 	C:\WINDOWS\System32\combase.dll
0x00007ffc96e50000 - 0x00007ffc96f27000 	C:\WINDOWS\System32\OLEAUT32.dll
0x00007ffc88a30000 - 0x00007ffc88a62000 	C:\WINDOWS\SYSTEM32\dbgcore.DLL
0x00007ffc95ff0000 - 0x00007ffc9606b000 	C:\WINDOWS\System32\bcryptPrimitives.dll
0x00007ffc69610000 - 0x00007ffc6962e000 	C:\Users\manec\AppData\Roaming\Code\User\globalStorage\pleiades.java-extension-pack-jdk\java\latest\bin\java.dll
0x00007ffc96aa0000 - 0x00007ffc96c45000 	C:\WINDOWS\System32\ole32.dll
0x00007ffc97050000 - 0x00007ffc978c8000 	C:\WINDOWS\System32\SHELL32.dll
0x00007ffc939b0000 - 0x00007ffc942b8000 	C:\WINDOWS\SYSTEM32\windows.storage.dll
0x00007ffc93870000 - 0x00007ffc939af000 	C:\WINDOWS\SYSTEM32\wintypes.dll
0x00007ffc969a0000 - 0x00007ffc96a9a000 	C:\WINDOWS\System32\SHCORE.dll
0x00007ffc97aa0000 - 0x00007ffc97afe000 	C:\WINDOWS\System32\shlwapi.dll
0x00007ffc959f0000 - 0x00007ffc95a1b000 	C:\WINDOWS\SYSTEM32\profapi.dll
0x00007ffc493f0000 - 0x00007ffc494c7000 	C:\Users\manec\AppData\Roaming\Code\User\globalStorage\pleiades.java-extension-pack-jdk\java\latest\bin\jsvml.dll
0x00007ffc748c0000 - 0x00007ffc748d0000 	C:\Users\manec\AppData\Roaming\Code\User\globalStorage\pleiades.java-extension-pack-jdk\java\latest\bin\net.dll
0x00007ffc94f60000 - 0x00007ffc94fc9000 	C:\WINDOWS\system32\mswsock.dll
0x00007ffc65d10000 - 0x00007ffc65d26000 	C:\Users\manec\AppData\Roaming\Code\User\globalStorage\pleiades.java-extension-pack-jdk\java\latest\bin\nio.dll
0x00007ffc65520000 - 0x00007ffc65537000 	C:\Users\manec\AppData\Roaming\Code\User\globalStorage\pleiades.java-extension-pack-jdk\java\latest\bin\zip.dll
0x00007ffc6fda0000 - 0x00007ffc6fdae000 	C:\Users\manec\AppData\Roaming\Code\User\globalStorage\pleiades.java-extension-pack-jdk\java\latest\bin\sunmscapi.dll
0x00007ffc95af0000 - 0x00007ffc95c56000 	C:\WINDOWS\System32\CRYPT32.dll
0x00007ffc95390000 - 0x00007ffc953bd000 	C:\WINDOWS\SYSTEM32\ncrypt.dll
0x00007ffc95350000 - 0x00007ffc95387000 	C:\WINDOWS\SYSTEM32\NTASN1.dll

dbghelp: loaded successfully - version: 4.0.5 - missing functions: none
symbol engine: initialized successfully - sym options: 0x614 - pdb path: .;C:\Users\manec\AppData\Roaming\Code\User\globalStorage\pleiades.java-extension-pack-jdk\java\latest\bin;C:\WINDOWS\SYSTEM32;C:\Program Files\AVG\Antivirus;C:\WINDOWS\WinSxS\amd64_microsoft.windows.common-controls_6595b64144ccf1df_6.0.22621.4541_none_2710d1c57384c085;C:\Users\manec\AppData\Roaming\Code\User\globalStorage\pleiades.java-extension-pack-jdk\java\latest\bin\server

VM Arguments:
jvm_args: -XX:+ShowCodeDetailsInExceptionMessages 
java_command: com.reunionconsejo.ReunionApplication
java_class_path (initial): C:\Examen-Parcial\PROYECTO-TD-2024\reunion\bin\main;C:\Users\manec\.gradle\caches\modules-2\files-2.1\org.springframework.boot\spring-boot-starter-data-jpa\3.4.1\f06be4354c339f3f880a5c66a6913cd2366eb225\spring-boot-starter-data-jpa-3.4.1.jar;C:\Users\manec\.gradle\caches\modules-2\files-2.1\org.springframework.boot\spring-boot-starter-web\3.4.1\ff7227fc62338e0f6eba3f9f94c12eb952d4da95\spring-boot-starter-web-3.4.1.jar;C:\Users\manec\.gradle\caches\modules-2\files-2.1\org.springframework.boot\spring-boot-starter-jdbc\3.4.1\307db83ee5f33fe810565cf980f73747b8f8f43b\spring-boot-starter-jdbc-3.4.1.jar;C:\Users\manec\.gradle\caches\modules-2\files-2.1\org.springframework.boot\spring-boot-starter-json\3.4.1\c1d084f65d8d9f2de9daccab47c4f452fb0464de\spring-boot-starter-json-3.4.1.jar;C:\Users\manec\.gradle\caches\modules-2\files-2.1\org.springframework.boot\spring-boot-starter\3.4.1\2c97b6fdc451ea69cd04dcfa54980439b7c7cb34\spring-boot-starter-3.4.1.jar;C:\Users\manec\.gradle\caches\modules-2\files-2.1\org.hibernate.orm\hibernate-core\6.6.4.Final\95c6d2d58c40dbbfbbd58084941e5cbca4ddef2f\hibernate-core-6.6.4.Final.jar;C:\Users\manec\.gradle\caches\modules-2\files-2.1\org.springframework.data\spring-data-jpa\3.4.1\1c704fa9169ea3745775568e733fddd0132070b2\spring-data-jpa-3.4.1.jar;C:\Users\manec\.gradle\caches\modules-2\files-2.1\org.springframework\spring-aspects\6.2.1\50350218608abf215ae40ef00c87cc666737e199\spring-aspects-6.2.1.jar;C:\Users\manec\.gradle\caches\modules-2\files-2.1\org.springframework.boot\spring-boot-starter-tomcat\3.4.1\ac4bb51582c57cfb0d2beb102a76fe1a4d8b8b21\spring-boot-starter-tomcat-3.4.1.jar;C:\Users\manec\.gradle\caches\modules-2\files-2.1\org.springframework\spring-webmvc\6.2.1\44bdf7e5641d44044ac52d7bb5c1fc46004e7754\spring-webmvc-6.2.1.jar;C:\Users\manec\.gradle\caches\modules-2\files-2.1\org.springframework\spring-web\6.2.1\877acb94c5b3a0c92e652b6bebdfdc7c60922ac8\spring-web-6.2.1.jar;C:\Users\manec\.gradle\caches\modules-2\files-2.1\org.springframework.boot\spring-boot-autoconfigure\3.4.1\f17b54cc5816ec8f06d0aca9df11c330ead97f2a\spring-boot-autoconfigure-3.4.1.jar;C:\Users\manec\.gradle\caches\modules-2\files-2.1\org.springframework.boot\spring-boot\3.4.1\5fb9890a5eb7c4e86c8f5c0f6960b79240daf3d5\spring-boot-3.4.1.jar;C:\Users\manec\.gradle\caches\modules-2\files-2.1\org.springframework.boot\spring-boot-starter-logging\3.4.1\5cd01e208b15113c7f88b3ea40e843ea9989f38a\spring-boot-starter-logging-3.4.1.jar;C:\Users\manec\.gradle\caches\modules-2\files-2.1\jakarta.annotation\jakarta.annotation-api\2.1.1\48b9bda22b091b1f48b13af03fe36db3be6e1ae3\jakarta.annotation-api-2.1.1.jar;C:\Users\manec\.gradle\caches\modules-2\files-2.1\org.springframework\spring-orm\6.2.1\7fd75b4984d92c3c5e46ee94365cfc79d2daa821\spring-orm-6.2.1.jar;C:\Users\manec\.gradle\caches\modules-2\files-2.1\org.springframework\spring-jdbc\6.2.1\def8d3d9bebafc36c19f8407645eddde32454c8a\spring-jdbc-6.2.1.jar;C:\Users\manec\.gradle\caches\modules-2\files-2.1\org.springframework.data\spring-data-commons\3.4.1\3ae5f19bc2b1b30de85b0610ae25818c2e7c295a\spring-data-commons-3.4.1.jar;C:\Users\manec\.gradle\caches\modules-2\files-2.1\org.springframework\spring-context\6.2.1\f56c7431b03860bfdb016e68f484c5c35531ef2e\spring-context-6.2.1.jar;C:\Users\manec\.gradle\caches\modules-2\files-2.1\org.springframework\spring-aop\6.2.1\a9384de38fc00751084446ba014a0c4962240244\spring-aop-6.2.1.jar;C:\Users\manec\.gradle\caches\modules-2\files-2.1\org.springframework\spring-tx\6.2.1\5ffde4fee85ff021ad613b9e86a9be893fb52572\spring-tx-6.2.1.jar;C:\Users\manec\.gradle\caches\modules-2\files-2.1\org.springframework\spring-beans\6.2.1\ab57ec03ba6900075bf28e3cd70ccce173205b8d\spring-beans-6.2.1.jar;C:\Users\manec\.gradle\caches\modules-2\files-2.1\org.springframework\spring-expression\6.2.1\91fcf6b9501705c31c8337e2713fe823bb512b24\spring-expression-6.2.1.jar;C:\Users\manec\.gradle\caches\modules-2\files-2.1\org.springframework\spring-core\6.2.1\f42e6b51d9c0c2fcf95df9e5848470d173adc9af\spring-core-6.2.1.jar;C:\Users\manec\.gradle\caches\modules-2\files-2.1\org.yaml\snakeyaml\2.3\936b36210e27320f920536f695cf1af210c44586\snakeyaml-2.3.jar;C:\Users\manec\.gradle\caches\modules-2\files-2.1\com.zaxxer\HikariCP\5.1.0\8c96e36c14461fc436bb02b264b96ef3ca5dca8c\HikariCP-5.1.0.jar;C:\Users\manec\.gradle\caches\modules-2\files-2.1\jakarta.persistence\jakarta.persistence-api\3.1.0\66901fa1c373c6aff65c13791cc11da72060a8d6\jakarta.persistence-api-3.1.0.jar;C:\Users\manec\.gradle\caches\modules-2\files-2.1\jakarta.transaction\jakarta.transaction-api\2.0.1\51a520e3fae406abb84e2e1148e6746ce3f80a1a\jakarta.transaction-api-2.0.1.jar;C:\Users\manec\.gradle\caches\modules-2\files-2.1\org.antlr\antlr4-runtime\4.13.0\5a02e48521624faaf5ff4d99afc88b01686af655\antlr4-runtime-4.13.0.jar;C:\Users\manec\.gradle\caches\modules-2\files-2.1\ch.qos.logback\logback-classic\1.5.12\3790d1a62e868f7915776dfb392bd9a29ce8d954\logback-classic-1.5.12.jar;C:\Users\manec\.gradle\caches\modules-2\files-2.1\org.apache.logging.log4j\log4j-to-slf4j\2.24.3\da1143e2a2531ee1c2d90baa98eb50a28a39d5a7\log4j-to-slf4j-2.24.3.jar;C:\Users\manec\.gradle\caches\modules-2\files-2.1\org.slf4j\jul-to-slf4j\2.0.16\6d57da3e961daac65bcca0dd3def6cd11e48a24a\jul-to-slf4j-2.0.16.jar;C:\Users\manec\.gradle\caches\modules-2\files-2.1\org.slf4j\slf4j-api\2.0.16\172931663a09a1fa515567af5fbef00897d3c04\slf4j-api-2.0.16.jar;C:\Users\manec\.gradle\caches\modules-2\files-2.1\org.aspectj\aspectjweaver\1.9.22.1\bca243d0af0db4758fbae45c5f4995cb5dabb612\aspectjweaver-1.9.22.1.jar;C:\Users\manec\.gradle\caches\modules-2\files-2.1\com.fasterxml.jackson.datatype\jackson-datatype-jsr310\2.18.2\7b6ff96adf421f4c6edbd694e797dd8fe434510a\jackson-datatype-jsr310-2.18.2.jar;C:\Users\manec\.gradle\caches\modules-2\files-2.1\com.fasterxml.jackson.module\jackson-module-parameter-names\2.18.2\72960cb3277347a748911d100c3302d60e8a616a\jackson-module-parameter-names-2.18.2.jar;C:\Users\manec\.gradle\caches\modules-2\files-2.1\com.fasterxml.jackson.core\jackson-annotations\2.18.2\985d77751ebc7fce5db115a986bc9aa82f973f4a\jackson-annotations-2.18.2.jar;C:\Users\manec\.gradle\caches\modules-2\files-2.1\com.fasterxml.jackson.core\jackson-core\2.18.2\fb64ccac5c27dca8819418eb4e443a9f496d9ee7\jackson-core-2.18.2.jar;C:\Users\manec\.gradle\caches\modules-2\files-2.1\com.fasterxml.jackson.datatype\jackson-datatype-jdk8\2.18.2\9ed6d538ebcc66864e114a7040953dce6ab6ea53\jackson-datatype-jdk8-2.18.2.jar;C:\Users\manec\.gradle\caches\modules-2\files-2.1\com.fasterxml.jackson.core\jackson-databind\2.18.2\deef8697b92141fb6caf7aa86966cff4eec9b04f\jackson-databind-2.18.2.jar;C:\Users\manec\.gradle\caches\modules-2\files-2.1\org.apache.tomcat.embed\tomcat-embed-websocket\10.1.34\eef6d430f34b6e393b8d9e40f10db9043732b4e5\tomcat-embed-websocket-10.1.34.jar;C:\Users\manec\.gradle\caches\modules-2\files-2.1\org.apache.tomcat.embed\tomcat-embed-core\10.1.34\f610f84be607fbc82e393cc220f0ad45f92afc91\tomcat-embed-core-10.1.34.jar;C:\Users\manec\.gradle\caches\modules-2\files-2.1\org.apache.tomcat.embed\tomcat-embed-el\10.1.34\d2b2daca3bc999c62e58ae36b45ba0582530fb25\tomcat-embed-el-10.1.34.jar;C:\Users\manec\.gradle\caches\modules-2\files-2.1\io.micrometer\micrometer-observation\1.14.2\a9cad29cc04c0f7e30e3e58b454d4cd47ccc54bd\micrometer-observation-1.14.2.jar;C:\Users\manec\.gradle\caches\modules-2\files-2.1\org.springframework\spring-jcl\6.2.1\a5d662d64470aff0ae51d210147bb6ede31a8ea3\spring-jcl-6.2.1.jar;C:\Users\manec\.gradle\caches\modules-2\files-2.1\io.micrometer\micrometer-commons\1.14.2\69c454dbec59c7842cf59a534b7ec03618d75b91\micrometer-commons-1.14.2.jar;C:\Users\manec\.gradle\caches\modules-2\files-2.1\ch.qos.logback\logback-core\1.5.12\65b1fa25fe8d8e4bdc140e79eb67ac6741f775e2\logback-core-1.5.12.jar;C:\Users\manec\.gradle\caches\modules-2\files-2.1\org.apache.logging.log4j\log4j-api\2.24.3\b02c125db8b6d295adf72ae6e71af5d83bce2370\log4j-api-2.24.3.jar;C:\Users\manec\.gradle\caches\modules-2\files-2.1\com.mysql\mysql-connector-j\9.1.0\5fb1d513278e1a9767dfa80ea9d8d7ee909f1a\mysql-connector-j-9.1.0.jar;C:\Users\manec\.gradle\caches\modules-2\files-2.1\org.jboss.logging\jboss-logging\3.6.1.Final\886afbb445b4016a37c8960a7aef6ebd769ce7e5\jboss-logging-3.6.1.Final.jar;C:\Users\manec\.gradle\caches\modules-2\files-2.1\org.hibernate.common\hibernate-commons-annotations\7.0.3.Final\e183c4be8bb41d12e9f19b374e00c34a0a85f439\hibernate-commons-annotations-7.0.3.Final.jar;C:\Users\manec\.gradle\caches\modules-2\files-2.1\io.smallrye\jandex\3.2.0\f17ad860f62a08487b9edabde608f8ac55c62fa7\jandex-3.2.0.jar;C:\Users\manec\.gradle\caches\modules-2\files-2.1\com.fasterxml\classmate\1.7.0\e98374da1f2143ac8e6e0a95036994bb19137a3\classmate-1.7.0.jar;C:\Users\manec\.gradle\caches\modules-2\files-2.1\net.bytebuddy\byte-buddy\1.15.11\f61886478e0f9ee4c21d09574736f0ff45e0a46c\byte-buddy-1.15.11.jar;C:\Users\manec\.gradle\caches\modules-2\files-2.1\org.glassfish.jaxb\jaxb-runtime\4.0.5\ca84c2a7169b5293e232b9d00d1e4e36d4c3914a\jaxb-runtime-4.0.5.jar;C:\Users\manec\.gradle\caches\modules-2\files-2.1\org.glassfish.jaxb\jaxb-core\4.0.5\7b4b11ea5542eea4ad55e1080b23be436795b3\jaxb-core-4.0.5.jar;C:\Users\manec\.gradle\caches\modules-2\files-2.1\jakarta.xml.bind\jakarta.xml.bind-api\4.0.2\6cd5a999b834b63238005b7144136379dc36cad2\jakarta.xml.bind-api-4.0.2.jar;C:\Users\manec\.gradle\caches\modules-2\files-2.1\jakarta.inject\jakarta.inject-api\2.0.1\4c28afe1991a941d7702fe1362c365f0a8641d1e\jakarta.inject-api-2.0.1.jar;C:\Users\manec\.gradle\caches\modules-2\files-2.1\org.eclipse.angus\angus-activation\2.0.2\41f1e0ddd157c856926ed149ab837d110955a9fc\angus-activation-2.0.2.jar;C:\Users\manec\.gradle\caches\modules-2\files-2.1\jakarta.activation\jakarta.activation-api\2.1.3\fa165bd70cda600368eee31555222776a46b881f\jakarta.activation-api-2.1.3.jar;C:\Users\manec\.gradle\caches\modules-2\files-2.1\org.glassfish.jaxb\txw2\4.0.5\f36a4ef12120a9bb06d766d6a0e54b144fd7ed98\txw2-4.0.5.jar;C:\Users\manec\.gradle\caches\modules-2\files-2.1\com.sun.istack\istack-commons-runtime\4.1.2\18ec117c85f3ba0ac65409136afa8e42bc74e739\istack-commons-runtime-4.1.2.jar
Launcher Type: SUN_STANDARD

[Global flags]
     intx CICompilerCount                          = 3                                         {product} {ergonomic}
     uint ConcGCThreads                            = 1                                         {product} {ergonomic}
     uint G1ConcRefinementThreads                  = 4                                         {product} {ergonomic}
   size_t G1HeapRegionSize                         = 1048576                                   {product} {ergonomic}
   size_t InitialHeapSize                          = 100663296                                 {product} {ergonomic}
   size_t MarkStackSize                            = 4194304                                   {product} {ergonomic}
   size_t MarkStackSizeMax                         = 536870912                                 {product} {ergonomic}
   size_t MaxHeapSize                              = 1589641216                                {product} {ergonomic}
   size_t MaxNewSize                               = 953155584                                 {product} {ergonomic}
   size_t MinHeapDeltaBytes                        = 1048576                                   {product} {ergonomic}
   size_t MinHeapSize                              = 8388608                                   {product} {ergonomic}
    uintx NonNMethodCodeHeapSize                   = 5832704                                {pd product} {ergonomic}
    uintx NonProfiledCodeHeapSize                  = 122945536                              {pd product} {ergonomic}
    uintx ProfiledCodeHeapSize                     = 122880000                              {pd product} {ergonomic}
    uintx ReservedCodeCacheSize                    = 251658240                              {pd product} {ergonomic}
     bool SegmentedCodeCache                       = true                                      {product} {ergonomic}
     bool ShowCodeDetailsInExceptionMessages       = true                                   {manageable} {command line}
   size_t SoftMaxHeapSize                          = 1589641216                             {manageable} {ergonomic}
     bool UseCompressedOops                        = true                           {product lp64_product} {ergonomic}
     bool UseG1GC                                  = true                                      {product} {ergonomic}
     bool UseLargePagesIndividualAllocation        = false                                  {pd product} {ergonomic}

Logging:
Log output configuration:
 #0: stdout all=warning uptime,level,tags foldmultilines=false
 #1: stderr all=off uptime,level,tags foldmultilines=false

Environment Variables:
JAVA_HOME=C:\Users\manec\AppData\Roaming\Code\User\globalStorage\pleiades.java-extension-pack-jdk\java\21
PATH=C:\Users\manec\AppData\Roaming\Code\User\globalStorage\pleiades.java-extension-pack-jdk\gradle\latest\bin;C:\Users\manec\AppData\Roaming\Code\User\globalStorage\pleiades.java-extension-pack-jdk\maven\latest\bin;C:\Users\manec\AppData\Roaming\Code\User\globalStorage\pleiades.java-extension-pack-jdk\java\21\bin;C:\Program Files\Common Files\Oracle\Java\javapath;C:\Program Files (x86)\Common Files\Oracle\Java\java8path;C:\Program Files (x86)\Common Files\Oracle\Java\javapath;C:\WINDOWS\system32;C:\WINDOWS;C:\WINDOWS\System32\Wbem;C:\WINDOWS\System32\WindowsPowerShell\v1.0\;C:\WINDOWS\System32\OpenSSH\;C:\Program Files\dotnet\;C:\WINDOWS\system32;C:\WINDOWS;C:\WINDOWS\System32\Wbem;C:\WINDOWS\System32\WindowsPowerShell\v1.0\;C:\WINDOWS\System32\OpenSSH\;C:\Program Files\IBM\SPSS\Statistics\25\JRE\bin;C:\Program Files (x86)\Micro Focus\LoadRunner\bin\Silk\Silk Performer 21.0;C:\Program Files\Docker\Docker\resources\bin;C:\Program Files\Git\cmd;C:\Users\manec\AppData\Local\Microsoft\WindowsApps;C:\Users\manec\.dotnet\tools;C:\Users\manec\AppData\Local\Programs\Microsoft VS Code\bin;C:\Users\manec\AppData\Local\GitHubDesktop\bin
USERNAME=manec
LANG=es_ES.UTF-8
OS=Windows_NT
PROCESSOR_IDENTIFIER=AMD64 Family 23 Model 24 Stepping 1, AuthenticAMD
TMP=C:\Users\manec\AppData\Local\Temp
TEMP=C:\Users\manec\AppData\Local\Temp




Periodic native trim disabled

---------------  S Y S T E M  ---------------

OS:
 Windows 11 , 64 bit Build 22621 (10.0.22621.4391)
OS uptime: 1 days 21:04 hours
Hyper-V role detected

CPU: total 4 (initial active 4) (4 cores per cpu, 2 threads per core) family 23 model 24 stepping 1 microcode 0x0, cx8, cmov, fxsr, ht, mmx, 3dnowpref, sse, sse2, sse3, ssse3, sse4a, sse4.1, sse4.2, popcnt, lzcnt, tsc, tscinvbit, avx, avx2, aes, clmul, bmi1, bmi2, adx, sha, fma, vzeroupper, clflush, clflushopt, hv, rdtscp, f16c
Processor Information for the first 4 processors :
  Max Mhz: 2600, Current Mhz: 2600, Mhz Limit: 2600

Memory: 4k page, system-wide physical 6063M (295M free)
TotalPageFile size 18939M (AvailPageFile size 15M)
current process WorkingSet (physical memory assigned to process): 153M, peak: 154M
current process commit charge ("private bytes"): 188M, peak: 220M

vm_info: OpenJDK 64-Bit Server VM (23.0.1+11) for windows-amd64 JRE (23.0.1+11), built on 2024-10-15T00:00:00Z with MS VC++ 17.7 (VS2022)

END.
